# JRE version: 7.0_21-b11
# Java VM: Java HotSpot(TM) 64-Bit Server VM (23.21-b01 mixed mode windows-amd64 compressed oops)
Heap
 PSYoungGen      total 22784K, used 11254K [0x00000000eb160000, 0x00000000ecfe0000, 0x0000000100000000)
  eden space 14720K, 66% used [0x00000000eb160000,0x00000000ebae1428,0x00000000ebfc0000)
  from space 8064K, 18% used [0x00000000ec800000,0x00000000ec97c5c8,0x00000000ecfe0000)
  to   space 8256K, 0% used [0x00000000ebfc0000,0x00000000ebfc0000,0x00000000ec7d0000)
 ParOldGen       total 42880K, used 25849K [0x00000000c1400000, 0x00000000c3de0000, 0x00000000eb160000)
  object space 42880K, 60% used [0x00000000c1400000,0x00000000c2d3e588,0x00000000c3de0000)
 PSPermGen       total 25088K, used 24965K [0x00000000bc200000, 0x00000000bda80000, 0x00000000c1400000)
  object space 25088K, 99% used [0x00000000bc200000,0x00000000bda61420,0x00000000bda80000)
GC Heap History (10 events):
Event: 68.984 GC heap before
{Heap before GC invocations=4 (full 0):
 PSYoungGen      total 18752K, used 18742K [0x00000000eb160000, 0x00000000ec640000, 0x0000000100000000)
  eden space 16128K, 100% used [0x00000000eb160000,0x00000000ec120000,0x00000000ec120000)
  from space 2624K, 99% used [0x00000000ec120000,0x00000000ec3ad850,0x00000000ec3b0000)
  to   space 2624K, 0% used [0x00000000ec3b0000,0x00000000ec3b0000,0x00000000ec640000)
 ParOldGen       total 42880K, used 20611K [0x00000000c1400000, 0x00000000c3de0000, 0x00000000eb160000)
  object space 42880K, 48% used [0x00000000c1400000,0x00000000c2820e78,0x00000000c3de0000)
 PSPermGen       total 21248K, used 20116K [0x00000000bc200000, 0x00000000bd6c0000, 0x00000000c1400000)
  object space 21248K, 94% used [0x00000000bc200000,0x00000000bd5a5318,0x00000000bd6c0000)
Event: 68.989 GC heap after
Heap after GC invocations=4 (full 0):
 PSYoungGen      total 18752K, used 2614K [0x00000000eb160000, 0x00000000ec640000, 0x0000000100000000)
  eden space 16128K, 0% used [0x00000000eb160000,0x00000000eb160000,0x00000000ec120000)
  from space 2624K, 99% used [0x00000000ec3b0000,0x00000000ec63d880,0x00000000ec640000)
  to   space 2624K, 0% used [0x00000000ec120000,0x00000000ec120000,0x00000000ec3b0000)
 ParOldGen       total 42880K, used 22473K [0x00000000c1400000, 0x00000000c3de0000, 0x00000000eb160000)
  object space 42880K, 52% used [0x00000000c1400000,0x00000000c29f2560,0x00000000c3de0000)
 PSPermGen       total 21248K, used 20116K [0x00000000bc200000, 0x00000000bd6c0000, 0x00000000c1400000)
  object space 21248K, 94% used [0x00000000bc200000,0x00000000bd5a5318,0x00000000bd6c0000)
}
Event: 69.667 GC heap before
{Heap before GC invocations=5 (full 0):
 PSYoungGen      total 18752K, used 18742K [0x00000000eb160000, 0x00000000ec640000, 0x0000000100000000)
  eden space 16128K, 100% used [0x00000000eb160000,0x00000000ec120000,0x00000000ec120000)
  from space 2624K, 99% used [0x00000000ec3b0000,0x00000000ec63d880,0x00000000ec640000)
  to   space 2624K, 0% used [0x00000000ec120000,0x00000000ec120000,0x00000000ec3b0000)
 ParOldGen       total 42880K, used 22473K [0x00000000c1400000, 0x00000000c3de0000, 0x00000000eb160000)
  object space 42880K, 52% used [0x00000000c1400000,0x00000000c29f2560,0x00000000c3de0000)
 PSPermGen       total 21248K, used 20996K [0x00000000bc200000, 0x00000000bd6c0000, 0x00000000c1400000)
  object space 21248K, 98% used [0x00000000bc200000,0x00000000bd6810c8,0x00000000bd6c0000)
Event: 69.671 GC heap after
Heap after GC invocations=5 (full 0):
 PSYoungGen      total 18368K, used 2607K [0x00000000eb160000, 0x00000000ed000000, 0x0000000100000000)
  eden space 15744K, 0% used [0x00000000eb160000,0x00000000eb160000,0x00000000ec0c0000)
  from space 2624K, 99% used [0x00000000ec120000,0x00000000ec3abc90,0x00000000ec3b0000)
  to   space 7808K, 0% used [0x00000000ec860000,0x00000000ec860000,0x00000000ed000000)
 ParOldGen       total 42880K, used 23573K [0x00000000c1400000, 0x00000000c3de0000, 0x00000000eb160000)
  object space 42880K, 54% used [0x00000000c1400000,0x00000000c2b05670,0x00000000c3de0000)
 PSPermGen       total 21248K, used 20996K [0x00000000bc200000, 0x00000000bd6c0000, 0x00000000c1400000)
  object space 21248K, 98% used [0x00000000bc200000,0x00000000bd6810c8,0x00000000bd6c0000)
}
Event: 84.571 GC heap before
{Heap before GC invocations=6 (full 0):
 PSYoungGen      total 18368K, used 18351K [0x00000000eb160000, 0x00000000ed000000, 0x0000000100000000)
  eden space 15744K, 100% used [0x00000000eb160000,0x00000000ec0c0000,0x00000000ec0c0000)
  from space 2624K, 99% used [0x00000000ec120000,0x00000000ec3abc90,0x00000000ec3b0000)
  to   space 7808K, 0% used [0x00000000ec860000,0x00000000ec860000,0x00000000ed000000)
 ParOldGen       total 42880K, used 23573K [0x00000000c1400000, 0x00000000c3de0000, 0x00000000eb160000)
  object space 42880K, 54% used [0x00000000c1400000,0x00000000c2b05670,0x00000000c3de0000)
 PSPermGen       total 22592K, used 22466K [0x00000000bc200000, 0x00000000bd810000, 0x00000000c1400000)
  object space 22592K, 99% used [0x00000000bc200000,0x00000000bd7f0b28,0x00000000bd810000)
Event: 84.577 GC heap after
Heap after GC invocations=6 (full 0):
 PSYoungGen      total 23168K, used 5866K [0x00000000eb160000, 0x00000000ed000000, 0x0000000100000000)
  eden space 15360K, 0% used [0x00000000eb160000,0x00000000eb160000,0x00000000ec060000)
  from space 7808K, 75% used [0x00000000ec860000,0x00000000ece1ab28,0x00000000ed000000)
  to   space 8000K, 0% used [0x00000000ec060000,0x00000000ec060000,0x00000000ec830000)
 ParOldGen       total 42880K, used 23581K [0x00000000c1400000, 0x00000000c3de0000, 0x00000000eb160000)
  object space 42880K, 54% used [0x00000000c1400000,0x00000000c2b07670,0x00000000c3de0000)
 PSPermGen       total 22592K, used 22466K [0x00000000bc200000, 0x00000000bd810000, 0x00000000c1400000)
  object space 22592K, 99% used [0x00000000bc200000,0x00000000bd7f0b28,0x00000000bd810000)
}
Event: 85.508 GC heap before
{Heap before GC invocations=7 (full 0):
 PSYoungGen      total 23168K, used 21226K [0x00000000eb160000, 0x00000000ed000000, 0x0000000100000000)
  eden space 15360K, 100% used [0x00000000eb160000,0x00000000ec060000,0x00000000ec060000)
  from space 7808K, 75% used [0x00000000ec860000,0x00000000ece1ab28,0x00000000ed000000)
  to   space 8000K, 0% used [0x00000000ec060000,0x00000000ec060000,0x00000000ec830000)
 ParOldGen       total 42880K, used 23581K [0x00000000c1400000, 0x00000000c3de0000, 0x00000000eb160000)
  object space 42880K, 54% used [0x00000000c1400000,0x00000000c2b07670,0x00000000c3de0000)
 PSPermGen       total 23552K, used 23480K [0x00000000bc200000, 0x00000000bd900000, 0x00000000c1400000)
  object space 23552K, 99% used [0x00000000bc200000,0x00000000bd8ee248,0x00000000bd900000)
Event: 85.512 GC heap after
Heap after GC invocations=7 (full 0):
 PSYoungGen      total 17408K, used 2357K [0x00000000eb160000, 0x00000000ecff0000, 0x0000000100000000)
  eden space 15040K, 0% used [0x00000000eb160000,0x00000000eb160000,0x00000000ec010000)
  from space 2368K, 99% used [0x00000000ec060000,0x00000000ec2ad418,0x00000000ec2b0000)
  to   space 8128K, 0% used [0x00000000ec800000,0x00000000ec800000,0x00000000ecff0000)
 ParOldGen       total 42880K, used 25317K [0x00000000c1400000, 0x00000000c3de0000, 0x00000000eb160000)
  object space 42880K, 59% used [0x00000000c1400000,0x00000000c2cb9508,0x00000000c3de0000)
 PSPermGen       total 23552K, used 23480K [0x00000000bc200000, 0x00000000bd900000, 0x00000000c1400000)
  object space 23552K, 99% used [0x00000000bc200000,0x00000000bd8ee248,0x00000000bd900000)
}
Event: 109.429 GC heap before
{Heap before GC invocations=8 (full 0):
 PSYoungGen      total 17408K, used 17397K [0x00000000eb160000, 0x00000000ecff0000, 0x0000000100000000)
  eden space 15040K, 100% used [0x00000000eb160000,0x00000000ec010000,0x00000000ec010000)
  from space 2368K, 99% used [0x00000000ec060000,0x00000000ec2ad418,0x00000000ec2b0000)
  to   space 8128K, 0% used [0x00000000ec800000,0x00000000ec800000,0x00000000ecff0000)
 ParOldGen       total 42880K, used 25317K [0x00000000c1400000, 0x00000000c3de0000, 0x00000000eb160000)
  object space 42880K, 59% used [0x00000000c1400000,0x00000000c2cb9508,0x00000000c3de0000)
 PSPermGen       total 23936K, used 23896K [0x00000000bc200000, 0x00000000bd960000, 0x00000000c1400000)
  object space 23936K, 99% used [0x00000000bc200000,0x00000000bd956168,0x00000000bd960000)
Event: 109.432 GC heap after
Heap after GC invocations=8 (full 0):
 PSYoungGen      total 22784K, used 1521K [0x00000000eb160000, 0x00000000ecfe0000, 0x0000000100000000)
  eden space 14720K, 0% used [0x00000000eb160000,0x00000000eb160000,0x00000000ebfc0000)
  from space 8064K, 18% used [0x00000000ec800000,0x00000000ec97c5c8,0x00000000ecfe0000)
  to   space 8256K, 0% used [0x00000000ebfc0000,0x00000000ebfc0000,0x00000000ec7d0000)
 ParOldGen       total 42880K, used 25849K [0x00000000c1400000, 0x00000000c3de0000, 0x00000000eb160000)
  object space 42880K, 60% used [0x00000000c1400000,0x00000000c2d3e588,0x00000000c3de0000)
 PSPermGen       total 23936K, used 23896K [0x00000000bc200000, 0x00000000bd960000, 0x00000000c1400000)
  object space 23936K, 99% used [0x00000000bc200000,0x00000000bd956168,0x00000000bd960000)
}

