# JRE version: 7.0_21-b11
# Java VM: Java HotSpot(TM) 64-Bit Server VM (23.21-b01 mixed mode windows-amd64 compressed oops)
Heap
 PSYoungGen      total 23808K, used 9150K [0x00000000eb160000, 0x00000000ed530000, 0x0000000100000000)
  eden space 12480K, 70% used [0x00000000eb160000,0x00000000eb9fbb80,0x00000000ebd90000)
  from space 11328K, 2% used [0x00000000eca20000,0x00000000eca74020,0x00000000ed530000)
  to   space 12096K, 0% used [0x00000000ebd90000,0x00000000ebd90000,0x00000000ec960000)
 ParOldGen       total 42880K, used 30133K [0x00000000c1400000, 0x00000000c3de0000, 0x00000000eb160000)
  object space 42880K, 70% used [0x00000000c1400000,0x00000000c316d4f0,0x00000000c3de0000)
 PSPermGen       total 25088K, used 25039K [0x00000000bc200000, 0x00000000bda80000, 0x00000000c1400000)
  object space 25088K, 99% used [0x00000000bc200000,0x00000000bda73ec0,0x00000000bda80000)
GC Heap History (10 events):
Event: 381.960 GC heap before
{Heap before GC invocations=12 (full 0):
 PSYoungGen      total 14144K, used 14096K [0x00000000eb160000, 0x00000000eda30000, 0x0000000100000000)
  eden space 13760K, 100% used [0x00000000eb160000,0x00000000ebed0000,0x00000000ebed0000)
  from space 384K, 87% used [0x00000000ebf20000,0x00000000ebf74020,0x00000000ebf80000)
  to   space 14016K, 0% used [0x00000000ecc80000,0x00000000ecc80000,0x00000000eda30000)
 ParOldGen       total 42880K, used 29397K [0x00000000c1400000, 0x00000000c3de0000, 0x00000000eb160000)
  object space 42880K, 68% used [0x00000000c1400000,0x00000000c30b5420,0x00000000c3de0000)
 PSPermGen       total 25088K, used 25019K [0x00000000bc200000, 0x00000000bda80000, 0x00000000c1400000)
  object space 25088K, 99% used [0x00000000bc200000,0x00000000bda6ef58,0x00000000bda80000)
Event: 381.961 GC heap after
Heap after GC invocations=12 (full 0):
 PSYoungGen      total 26880K, used 336K [0x00000000eb160000, 0x00000000ed990000, 0x0000000100000000)
  eden space 13504K, 0% used [0x00000000eb160000,0x00000000eb160000,0x00000000ebe90000)
  from space 13376K, 2% used [0x00000000ecc80000,0x00000000eccd4020,0x00000000ed990000)
  to   space 13824K, 0% used [0x00000000ebe90000,0x00000000ebe90000,0x00000000ecc10000)
 ParOldGen       total 42880K, used 29573K [0x00000000c1400000, 0x00000000c3de0000, 0x00000000eb160000)
  object space 42880K, 68% used [0x00000000c1400000,0x00000000c30e1470,0x00000000c3de0000)
 PSPermGen       total 25088K, used 25019K [0x00000000bc200000, 0x00000000bda80000, 0x00000000c1400000)
  object space 25088K, 99% used [0x00000000bc200000,0x00000000bda6ef58,0x00000000bda80000)
}
Event: 405.514 GC heap before
{Heap before GC invocations=13 (full 0):
 PSYoungGen      total 26880K, used 13840K [0x00000000eb160000, 0x00000000ed990000, 0x0000000100000000)
  eden space 13504K, 100% used [0x00000000eb160000,0x00000000ebe90000,0x00000000ebe90000)
  from space 13376K, 2% used [0x00000000ecc80000,0x00000000eccd4020,0x00000000ed990000)
  to   space 13824K, 0% used [0x00000000ebe90000,0x00000000ebe90000,0x00000000ecc10000)
 ParOldGen       total 42880K, used 29573K [0x00000000c1400000, 0x00000000c3de0000, 0x00000000eb160000)
  object space 42880K, 68% used [0x00000000c1400000,0x00000000c30e1470,0x00000000c3de0000)
 PSPermGen       total 25088K, used 25026K [0x00000000bc200000, 0x00000000bda80000, 0x00000000c1400000)
  object space 25088K, 99% used [0x00000000bc200000,0x00000000bda70b98,0x00000000bda80000)
Event: 405.516 GC heap after
Heap after GC invocations=13 (full 0):
 PSYoungGen      total 13632K, used 336K [0x00000000eb160000, 0x00000000ed890000, 0x0000000100000000)
  eden space 13248K, 0% used [0x00000000eb160000,0x00000000eb160000,0x00000000ebe50000)
  from space 384K, 87% used [0x00000000ebe90000,0x00000000ebee4020,0x00000000ebef0000)
  to   space 13440K, 0% used [0x00000000ecb70000,0x00000000ecb70000,0x00000000ed890000)
 ParOldGen       total 42880K, used 29701K [0x00000000c1400000, 0x00000000c3de0000, 0x00000000eb160000)
  object space 42880K, 69% used [0x00000000c1400000,0x00000000c3101480,0x00000000c3de0000)
 PSPermGen       total 25088K, used 25026K [0x00000000bc200000, 0x00000000bda80000, 0x00000000c1400000)
  object space 25088K, 99% used [0x00000000bc200000,0x00000000bda70b98,0x00000000bda80000)
}
Event: 419.009 GC heap before
{Heap before GC invocations=14 (full 0):
 PSYoungGen      total 13632K, used 13584K [0x00000000eb160000, 0x00000000ed890000, 0x0000000100000000)
  eden space 13248K, 100% used [0x00000000eb160000,0x00000000ebe50000,0x00000000ebe50000)
  from space 384K, 87% used [0x00000000ebe90000,0x00000000ebee4020,0x00000000ebef0000)
  to   space 13440K, 0% used [0x00000000ecb70000,0x00000000ecb70000,0x00000000ed890000)
 ParOldGen       total 42880K, used 29701K [0x00000000c1400000, 0x00000000c3de0000, 0x00000000eb160000)
  object space 42880K, 69% used [0x00000000c1400000,0x00000000c3101480,0x00000000c3de0000)
 PSPermGen       total 25088K, used 25030K [0x00000000bc200000, 0x00000000bda80000, 0x00000000c1400000)
  object space 25088K, 99% used [0x00000000bc200000,0x00000000bda71b60,0x00000000bda80000)
Event: 419.010 GC heap after
Heap after GC invocations=14 (full 0):
 PSYoungGen      total 25408K, used 320K [0x00000000eb160000, 0x00000000ed790000, 0x0000000100000000)
  eden space 12992K, 0% used [0x00000000eb160000,0x00000000eb160000,0x00000000ebe10000)
  from space 12416K, 2% used [0x00000000ecb70000,0x00000000ecbc0010,0x00000000ed790000)
  to   space 13056K, 0% used [0x00000000ebe10000,0x00000000ebe10000,0x00000000ecad0000)
 ParOldGen       total 42880K, used 29877K [0x00000000c1400000, 0x00000000c3de0000, 0x00000000eb160000)
  object space 42880K, 69% used [0x00000000c1400000,0x00000000c312d4d0,0x00000000c3de0000)
 PSPermGen       total 25088K, used 25030K [0x00000000bc200000, 0x00000000bda80000, 0x00000000c1400000)
  object space 25088K, 99% used [0x00000000bc200000,0x00000000bda71b60,0x00000000bda80000)
}
Event: 440.907 GC heap before
{Heap before GC invocations=15 (full 0):
 PSYoungGen      total 25408K, used 13312K [0x00000000eb160000, 0x00000000ed790000, 0x0000000100000000)
  eden space 12992K, 100% used [0x00000000eb160000,0x00000000ebe10000,0x00000000ebe10000)
  from space 12416K, 2% used [0x00000000ecb70000,0x00000000ecbc0010,0x00000000ed790000)
  to   space 13056K, 0% used [0x00000000ebe10000,0x00000000ebe10000,0x00000000ecad0000)
 ParOldGen       total 42880K, used 29877K [0x00000000c1400000, 0x00000000c3de0000, 0x00000000eb160000)
  object space 42880K, 69% used [0x00000000c1400000,0x00000000c312d4d0,0x00000000c3de0000)
 PSPermGen       total 25088K, used 25033K [0x00000000bc200000, 0x00000000bda80000, 0x00000000c1400000)
  object space 25088K, 99% used [0x00000000bc200000,0x00000000bda724a0,0x00000000bda80000)
Event: 440.908 GC heap after
Heap after GC invocations=15 (full 0):
 PSYoungGen      total 13120K, used 352K [0x00000000eb160000, 0x00000000ed670000, 0x0000000100000000)
  eden space 12736K, 0% used [0x00000000eb160000,0x00000000eb160000,0x00000000ebdd0000)
  from space 384K, 91% used [0x00000000ebe10000,0x00000000ebe68010,0x00000000ebe70000)
  to   space 12608K, 0% used [0x00000000eca20000,0x00000000eca20000,0x00000000ed670000)
 ParOldGen       total 42880K, used 29997K [0x00000000c1400000, 0x00000000c3de0000, 0x00000000eb160000)
  object space 42880K, 69% used [0x00000000c1400000,0x00000000c314b4e0,0x00000000c3de0000)
 PSPermGen       total 25088K, used 25033K [0x00000000bc200000, 0x00000000bda80000, 0x00000000c1400000)
  object space 25088K, 99% used [0x00000000bc200000,0x00000000bda724a0,0x00000000bda80000)
}
Event: 452.586 GC heap before
{Heap before GC invocations=16 (full 0):
 PSYoungGen      total 13120K, used 13088K [0x00000000eb160000, 0x00000000ed670000, 0x0000000100000000)
  eden space 12736K, 100% used [0x00000000eb160000,0x00000000ebdd0000,0x00000000ebdd0000)
  from space 384K, 91% used [0x00000000ebe10000,0x00000000ebe68010,0x00000000ebe70000)
  to   space 12608K, 0% used [0x00000000eca20000,0x00000000eca20000,0x00000000ed670000)
 ParOldGen       total 42880K, used 29997K [0x00000000c1400000, 0x00000000c3de0000, 0x00000000eb160000)
  object space 42880K, 69% used [0x00000000c1400000,0x00000000c314b4e0,0x00000000c3de0000)
 PSPermGen       total 25088K, used 25038K [0x00000000bc200000, 0x00000000bda80000, 0x00000000c1400000)
  object space 25088K, 99% used [0x00000000bc200000,0x00000000bda73bf8,0x00000000bda80000)
Event: 452.587 GC heap after
Heap after GC invocations=16 (full 0):
 PSYoungGen      total 23808K, used 336K [0x00000000eb160000, 0x00000000ed530000, 0x0000000100000000)
  eden space 12480K, 0% used [0x00000000eb160000,0x00000000eb160000,0x00000000ebd90000)
  from space 11328K, 2% used [0x00000000eca20000,0x00000000eca74020,0x00000000ed530000)
  to   space 12096K, 0% used [0x00000000ebd90000,0x00000000ebd90000,0x00000000ec960000)
 ParOldGen       total 42880K, used 30133K [0x00000000c1400000, 0x00000000c3de0000, 0x00000000eb160000)
  object space 42880K, 70% used [0x00000000c1400000,0x00000000c316d4f0,0x00000000c3de0000)
 PSPermGen       total 25088K, used 25038K [0x00000000bc200000, 0x00000000bda80000, 0x00000000c1400000)
  object space 25088K, 99% used [0x00000000bc200000,0x00000000bda73bf8,0x00000000bda80000)
}

