# JRE version: 7.0_21-b11
# Java VM: Java HotSpot(TM) 64-Bit Server VM (23.21-b01 mixed mode windows-amd64 compressed oops)
Heap
 PSYoungGen      total 15872K, used 7969K [0x00000000eb160000, 0x00000000eda50000, 0x0000000100000000)
  eden space 14400K, 45% used [0x00000000eb160000,0x00000000eb7c0140,0x00000000ebf70000)
  from space 1472K, 97% used [0x00000000ebfc0000,0x00000000ec128338,0x00000000ec130000)
  to   space 13760K, 0% used [0x00000000ecce0000,0x00000000ecce0000,0x00000000eda50000)
 ParOldGen       total 42880K, used 28064K [0x00000000c1400000, 0x00000000c3de0000, 0x00000000eb160000)
  object space 42880K, 65% used [0x00000000c1400000,0x00000000c2f680c0,0x00000000c3de0000)
 PSPermGen       total 25088K, used 25005K [0x00000000bc200000, 0x00000000bda80000, 0x00000000c1400000)
  object space 25088K, 99% used [0x00000000bc200000,0x00000000bda6b7e8,0x00000000bda80000)
GC Heap History (10 events):
Event: 30.998 GC heap before
{Heap before GC invocations=5 (full 0):
 PSYoungGen      total 18752K, used 18737K [0x00000000eb160000, 0x00000000ed600000, 0x0000000100000000)
  eden space 16128K, 100% used [0x00000000eb160000,0x00000000ec120000,0x00000000ec120000)
  from space 2624K, 99% used [0x00000000ed370000,0x00000000ed5fc4f0,0x00000000ed600000)
  to   space 2624K, 0% used [0x00000000ec120000,0x00000000ec120000,0x00000000ec3b0000)
 ParOldGen       total 42880K, used 22281K [0x00000000c1400000, 0x00000000c3de0000, 0x00000000eb160000)
  object space 42880K, 51% used [0x00000000c1400000,0x00000000c29c27b0,0x00000000c3de0000)
 PSPermGen       total 22400K, used 22251K [0x00000000bc200000, 0x00000000bd7e0000, 0x00000000c1400000)
  object space 22400K, 99% used [0x00000000bc200000,0x00000000bd7bad00,0x00000000bd7e0000)
Event: 31.003 GC heap after
Heap after GC invocations=5 (full 0):
 PSYoungGen      total 18368K, used 2621K [0x00000000eb160000, 0x00000000edc60000, 0x0000000100000000)
  eden space 15744K, 0% used [0x00000000eb160000,0x00000000eb160000,0x00000000ec0c0000)
  from space 2624K, 99% used [0x00000000ec120000,0x00000000ec3af560,0x00000000ec3b0000)
  to   space 14144K, 0% used [0x00000000ece90000,0x00000000ece90000,0x00000000edc60000)
 ParOldGen       total 42880K, used 24374K [0x00000000c1400000, 0x00000000c3de0000, 0x00000000eb160000)
  object space 42880K, 56% used [0x00000000c1400000,0x00000000c2bcda10,0x00000000c3de0000)
 PSPermGen       total 22400K, used 22251K [0x00000000bc200000, 0x00000000bd7e0000, 0x00000000c1400000)
  object space 22400K, 99% used [0x00000000bc200000,0x00000000bd7bad00,0x00000000bd7e0000)
}
Event: 31.822 GC heap before
{Heap before GC invocations=6 (full 0):
 PSYoungGen      total 18368K, used 18365K [0x00000000eb160000, 0x00000000edc60000, 0x0000000100000000)
  eden space 15744K, 100% used [0x00000000eb160000,0x00000000ec0c0000,0x00000000ec0c0000)
  from space 2624K, 99% used [0x00000000ec120000,0x00000000ec3af560,0x00000000ec3b0000)
  to   space 14144K, 0% used [0x00000000ece90000,0x00000000ece90000,0x00000000edc60000)
 ParOldGen       total 42880K, used 24374K [0x00000000c1400000, 0x00000000c3de0000, 0x00000000eb160000)
  object space 42880K, 56% used [0x00000000c1400000,0x00000000c2bcda10,0x00000000c3de0000)
 PSPermGen       total 23168K, used 23158K [0x00000000bc200000, 0x00000000bd8a0000, 0x00000000c1400000)
  object space 23168K, 99% used [0x00000000bc200000,0x00000000bd89db48,0x00000000bd8a0000)
Event: 31.827 GC heap after
Heap after GC invocations=6 (full 0):
 PSYoungGen      total 28352K, used 4619K [0x00000000eb160000, 0x00000000edb40000, 0x0000000100000000)
  eden space 15360K, 0% used [0x00000000eb160000,0x00000000eb160000,0x00000000ec060000)
  from space 12992K, 35% used [0x00000000ece90000,0x00000000ed312d40,0x00000000edb40000)
  to   space 13760K, 0% used [0x00000000ec060000,0x00000000ec060000,0x00000000ecdd0000)
 ParOldGen       total 42880K, used 24382K [0x00000000c1400000, 0x00000000c3de0000, 0x00000000eb160000)
  object space 42880K, 56% used [0x00000000c1400000,0x00000000c2bcfa10,0x00000000c3de0000)
 PSPermGen       total 23168K, used 23158K [0x00000000bc200000, 0x00000000bd8a0000, 0x00000000c1400000)
  object space 23168K, 99% used [0x00000000bc200000,0x00000000bd89db48,0x00000000bd8a0000)
}
Event: 66.421 GC heap before
{Heap before GC invocations=7 (full 0):
 PSYoungGen      total 28352K, used 19979K [0x00000000eb160000, 0x00000000edb40000, 0x0000000100000000)
  eden space 15360K, 100% used [0x00000000eb160000,0x00000000ec060000,0x00000000ec060000)
  from space 12992K, 35% used [0x00000000ece90000,0x00000000ed312d40,0x00000000edb40000)
  to   space 13760K, 0% used [0x00000000ec060000,0x00000000ec060000,0x00000000ecdd0000)
 ParOldGen       total 42880K, used 24382K [0x00000000c1400000, 0x00000000c3de0000, 0x00000000eb160000)
  object space 42880K, 56% used [0x00000000c1400000,0x00000000c2bcfa10,0x00000000c3de0000)
 PSPermGen       total 23936K, used 23908K [0x00000000bc200000, 0x00000000bd960000, 0x00000000c1400000)
  object space 23936K, 99% used [0x00000000bc200000,0x00000000bd959230,0x00000000bd960000)
Event: 66.425 GC heap after
Heap after GC invocations=7 (full 0):
 PSYoungGen      total 17408K, used 2336K [0x00000000eb160000, 0x00000000edb30000, 0x0000000100000000)
  eden space 15040K, 0% used [0x00000000eb160000,0x00000000eb160000,0x00000000ec010000)
  from space 2368K, 98% used [0x00000000ec060000,0x00000000ec2a8080,0x00000000ec2b0000)
  to   space 13888K, 0% used [0x00000000ecda0000,0x00000000ecda0000,0x00000000edb30000)
 ParOldGen       total 42880K, used 26880K [0x00000000c1400000, 0x00000000c3de0000, 0x00000000eb160000)
  object space 42880K, 62% used [0x00000000c1400000,0x00000000c2e401a0,0x00000000c3de0000)
 PSPermGen       total 23936K, used 23908K [0x00000000bc200000, 0x00000000bd960000, 0x00000000c1400000)
  object space 23936K, 99% used [0x00000000bc200000,0x00000000bd959230,0x00000000bd960000)
}
Event: 70.851 GC heap before
{Heap before GC invocations=8 (full 0):
 PSYoungGen      total 17408K, used 17376K [0x00000000eb160000, 0x00000000edb30000, 0x0000000100000000)
  eden space 15040K, 100% used [0x00000000eb160000,0x00000000ec010000,0x00000000ec010000)
  from space 2368K, 98% used [0x00000000ec060000,0x00000000ec2a8080,0x00000000ec2b0000)
  to   space 13888K, 0% used [0x00000000ecda0000,0x00000000ecda0000,0x00000000edb30000)
 ParOldGen       total 42880K, used 26880K [0x00000000c1400000, 0x00000000c3de0000, 0x00000000eb160000)
  object space 42880K, 62% used [0x00000000c1400000,0x00000000c2e401a0,0x00000000c3de0000)
 PSPermGen       total 23936K, used 23930K [0x00000000bc200000, 0x00000000bd960000, 0x00000000c1400000)
  object space 23936K, 99% used [0x00000000bc200000,0x00000000bd95e8f0,0x00000000bd960000)
Event: 70.853 GC heap after
Heap after GC invocations=8 (full 0):
 PSYoungGen      total 28288K, used 1833K [0x00000000eb160000, 0x00000000edae0000, 0x0000000100000000)
  eden space 14720K, 0% used [0x00000000eb160000,0x00000000eb160000,0x00000000ebfc0000)
  from space 13568K, 13% used [0x00000000ecda0000,0x00000000ecf6a520,0x00000000edae0000)
  to   space 13888K, 0% used [0x00000000ebfc0000,0x00000000ebfc0000,0x00000000ecd50000)
 ParOldGen       total 42880K, used 27448K [0x00000000c1400000, 0x00000000c3de0000, 0x00000000eb160000)
  object space 42880K, 64% used [0x00000000c1400000,0x00000000c2ece0c0,0x00000000c3de0000)
 PSPermGen       total 23936K, used 23930K [0x00000000bc200000, 0x00000000bd960000, 0x00000000c1400000)
  object space 23936K, 99% used [0x00000000bc200000,0x00000000bd95e8f0,0x00000000bd960000)
}
Event: 123.300 GC heap before
{Heap before GC invocations=9 (full 0):
 PSYoungGen      total 28288K, used 16553K [0x00000000eb160000, 0x00000000edae0000, 0x0000000100000000)
  eden space 14720K, 100% used [0x00000000eb160000,0x00000000ebfc0000,0x00000000ebfc0000)
  from space 13568K, 13% used [0x00000000ecda0000,0x00000000ecf6a520,0x00000000edae0000)
  to   space 13888K, 0% used [0x00000000ebfc0000,0x00000000ebfc0000,0x00000000ecd50000)
 ParOldGen       total 42880K, used 27448K [0x00000000c1400000, 0x00000000c3de0000, 0x00000000eb160000)
  object space 42880K, 64% used [0x00000000c1400000,0x00000000c2ece0c0,0x00000000c3de0000)
 PSPermGen       total 25088K, used 24999K [0x00000000bc200000, 0x00000000bda80000, 0x00000000c1400000)
  object space 25088K, 99% used [0x00000000bc200000,0x00000000bda69c20,0x00000000bda80000)
Event: 123.303 GC heap after
Heap after GC invocations=9 (full 0):
 PSYoungGen      total 15872K, used 1440K [0x00000000eb160000, 0x00000000eda50000, 0x0000000100000000)
  eden space 14400K, 0% used [0x00000000eb160000,0x00000000eb160000,0x00000000ebf70000)
  from space 1472K, 97% used [0x00000000ebfc0000,0x00000000ec128338,0x00000000ec130000)
  to   space 13760K, 0% used [0x00000000ecce0000,0x00000000ecce0000,0x00000000eda50000)
 ParOldGen       total 42880K, used 28064K [0x00000000c1400000, 0x00000000c3de0000, 0x00000000eb160000)
  object space 42880K, 65% used [0x00000000c1400000,0x00000000c2f680c0,0x00000000c3de0000)
 PSPermGen       total 25088K, used 24999K [0x00000000bc200000, 0x00000000bda80000, 0x00000000c1400000)
  object space 25088K, 99% used [0x00000000bc200000,0x00000000bda69c20,0x00000000bda80000)
}

