# JRE version: 7.0_21-b11
# Java VM: Java HotSpot(TM) 64-Bit Server VM (23.21-b01 mixed mode windows-amd64 compressed oops)
Heap
 PSYoungGen      total 20864K, used 13200K [0x00000000eb160000, 0x00000000ecc80000, 0x0000000100000000)
  eden space 14720K, 66% used [0x00000000eb160000,0x00000000ebafb5a0,0x00000000ebfc0000)
  from space 6144K, 54% used [0x00000000ec680000,0x00000000ec9c8ce0,0x00000000ecc80000)
  to   space 6528K, 0% used [0x00000000ebfc0000,0x00000000ebfc0000,0x00000000ec620000)
 ParOldGen       total 42880K, used 26254K [0x00000000c1400000, 0x00000000c3de0000, 0x00000000eb160000)
  object space 42880K, 61% used [0x00000000c1400000,0x00000000c2da3948,0x00000000c3de0000)
 PSPermGen       total 23936K, used 23915K [0x00000000bc200000, 0x00000000bd960000, 0x00000000c1400000)
  object space 23936K, 99% used [0x00000000bc200000,0x00000000bd95aff0,0x00000000bd960000)
GC Heap History (10 events):
Event: 66.943 GC heap before
{Heap before GC invocations=4 (full 0):
 PSYoungGen      total 18752K, used 18582K [0x00000000eb160000, 0x00000000ec640000, 0x0000000100000000)
  eden space 16128K, 100% used [0x00000000eb160000,0x00000000ec120000,0x00000000ec120000)
  from space 2624K, 93% used [0x00000000ec120000,0x00000000ec385860,0x00000000ec3b0000)
  to   space 2624K, 0% used [0x00000000ec3b0000,0x00000000ec3b0000,0x00000000ec640000)
 ParOldGen       total 42880K, used 19137K [0x00000000c1400000, 0x00000000c3de0000, 0x00000000eb160000)
  object space 42880K, 44% used [0x00000000c1400000,0x00000000c26b0630,0x00000000c3de0000)
 PSPermGen       total 21248K, used 20237K [0x00000000bc200000, 0x00000000bd6c0000, 0x00000000c1400000)
  object space 21248K, 95% used [0x00000000bc200000,0x00000000bd5c35f8,0x00000000bd6c0000)
Event: 66.949 GC heap after
Heap after GC invocations=4 (full 0):
 PSYoungGen      total 18752K, used 2614K [0x00000000eb160000, 0x00000000ec640000, 0x0000000100000000)
  eden space 16128K, 0% used [0x00000000eb160000,0x00000000eb160000,0x00000000ec120000)
  from space 2624K, 99% used [0x00000000ec3b0000,0x00000000ec63d830,0x00000000ec640000)
  to   space 2624K, 0% used [0x00000000ec120000,0x00000000ec120000,0x00000000ec3b0000)
 ParOldGen       total 42880K, used 21835K [0x00000000c1400000, 0x00000000c3de0000, 0x00000000eb160000)
  object space 42880K, 50% used [0x00000000c1400000,0x00000000c2952e78,0x00000000c3de0000)
 PSPermGen       total 21248K, used 20237K [0x00000000bc200000, 0x00000000bd6c0000, 0x00000000c1400000)
  object space 21248K, 95% used [0x00000000bc200000,0x00000000bd5c35f8,0x00000000bd6c0000)
}
Event: 67.787 GC heap before
{Heap before GC invocations=5 (full 0):
 PSYoungGen      total 18752K, used 18742K [0x00000000eb160000, 0x00000000ec640000, 0x0000000100000000)
  eden space 16128K, 100% used [0x00000000eb160000,0x00000000ec120000,0x00000000ec120000)
  from space 2624K, 99% used [0x00000000ec3b0000,0x00000000ec63d830,0x00000000ec640000)
  to   space 2624K, 0% used [0x00000000ec120000,0x00000000ec120000,0x00000000ec3b0000)
 ParOldGen       total 42880K, used 21835K [0x00000000c1400000, 0x00000000c3de0000, 0x00000000eb160000)
  object space 42880K, 50% used [0x00000000c1400000,0x00000000c2952e78,0x00000000c3de0000)
 PSPermGen       total 22400K, used 22300K [0x00000000bc200000, 0x00000000bd7e0000, 0x00000000c1400000)
  object space 22400K, 99% used [0x00000000bc200000,0x00000000bd7c7388,0x00000000bd7e0000)
Event: 67.792 GC heap after
Heap after GC invocations=5 (full 0):
 PSYoungGen      total 18368K, used 2614K [0x00000000eb160000, 0x00000000ecdc0000, 0x0000000100000000)
  eden space 15744K, 0% used [0x00000000eb160000,0x00000000eb160000,0x00000000ec0c0000)
  from space 2624K, 99% used [0x00000000ec120000,0x00000000ec3ad840,0x00000000ec3b0000)
  to   space 6656K, 0% used [0x00000000ec740000,0x00000000ec740000,0x00000000ecdc0000)
 ParOldGen       total 42880K, used 23919K [0x00000000c1400000, 0x00000000c3de0000, 0x00000000eb160000)
  object space 42880K, 55% used [0x00000000c1400000,0x00000000c2b5bd78,0x00000000c3de0000)
 PSPermGen       total 22400K, used 22300K [0x00000000bc200000, 0x00000000bd7e0000, 0x00000000c1400000)
  object space 22400K, 99% used [0x00000000bc200000,0x00000000bd7c7388,0x00000000bd7e0000)
}
Event: 68.260 GC heap before
{Heap before GC invocations=6 (full 0):
 PSYoungGen      total 18368K, used 18358K [0x00000000eb160000, 0x00000000ecdc0000, 0x0000000100000000)
  eden space 15744K, 100% used [0x00000000eb160000,0x00000000ec0c0000,0x00000000ec0c0000)
  from space 2624K, 99% used [0x00000000ec120000,0x00000000ec3ad840,0x00000000ec3b0000)
  to   space 6656K, 0% used [0x00000000ec740000,0x00000000ec740000,0x00000000ecdc0000)
 ParOldGen       total 42880K, used 23919K [0x00000000c1400000, 0x00000000c3de0000, 0x00000000eb160000)
  object space 42880K, 55% used [0x00000000c1400000,0x00000000c2b5bd78,0x00000000c3de0000)
 PSPermGen       total 23168K, used 23093K [0x00000000bc200000, 0x00000000bd8a0000, 0x00000000c1400000)
  object space 23168K, 99% used [0x00000000bc200000,0x00000000bd88d5b8,0x00000000bd8a0000)
Event: 68.265 GC heap after
Heap after GC invocations=6 (full 0):
 PSYoungGen      total 21248K, used 4264K [0x00000000eb160000, 0x00000000ecd00000, 0x0000000100000000)
  eden space 15360K, 0% used [0x00000000eb160000,0x00000000eb160000,0x00000000ec060000)
  from space 5888K, 72% used [0x00000000ec740000,0x00000000ecb6a098,0x00000000ecd00000)
  to   space 6464K, 0% used [0x00000000ec060000,0x00000000ec060000,0x00000000ec6b0000)
 ParOldGen       total 42880K, used 23919K [0x00000000c1400000, 0x00000000c3de0000, 0x00000000eb160000)
  object space 42880K, 55% used [0x00000000c1400000,0x00000000c2b5bd78,0x00000000c3de0000)
 PSPermGen       total 23168K, used 23093K [0x00000000bc200000, 0x00000000bd8a0000, 0x00000000c1400000)
  object space 23168K, 99% used [0x00000000bc200000,0x00000000bd88d5b8,0x00000000bd8a0000)
}
Event: 68.626 GC heap before
{Heap before GC invocations=7 (full 0):
 PSYoungGen      total 21248K, used 19624K [0x00000000eb160000, 0x00000000ecd00000, 0x0000000100000000)
  eden space 15360K, 100% used [0x00000000eb160000,0x00000000ec060000,0x00000000ec060000)
  from space 5888K, 72% used [0x00000000ec740000,0x00000000ecb6a098,0x00000000ecd00000)
  to   space 6464K, 0% used [0x00000000ec060000,0x00000000ec060000,0x00000000ec6b0000)
 ParOldGen       total 42880K, used 23919K [0x00000000c1400000, 0x00000000c3de0000, 0x00000000eb160000)
  object space 42880K, 55% used [0x00000000c1400000,0x00000000c2b5bd78,0x00000000c3de0000)
 PSPermGen       total 23552K, used 23480K [0x00000000bc200000, 0x00000000bd900000, 0x00000000c1400000)
  object space 23552K, 99% used [0x00000000bc200000,0x00000000bd8ee0a8,0x00000000bd900000)
Event: 68.630 GC heap after
Heap after GC invocations=7 (full 0):
 PSYoungGen      total 17856K, used 2754K [0x00000000eb160000, 0x00000000eccf0000, 0x0000000100000000)
  eden space 15040K, 0% used [0x00000000eb160000,0x00000000eb160000,0x00000000ec010000)
  from space 2816K, 97% used [0x00000000ec060000,0x00000000ec310b40,0x00000000ec320000)
  to   space 6592K, 0% used [0x00000000ec680000,0x00000000ec680000,0x00000000eccf0000)
 ParOldGen       total 42880K, used 25651K [0x00000000c1400000, 0x00000000c3de0000, 0x00000000eb160000)
  object space 42880K, 59% used [0x00000000c1400000,0x00000000c2d0cd58,0x00000000c3de0000)
 PSPermGen       total 23552K, used 23480K [0x00000000bc200000, 0x00000000bd900000, 0x00000000c1400000)
  object space 23552K, 99% used [0x00000000bc200000,0x00000000bd8ee0a8,0x00000000bd900000)
}
Event: 116.147 GC heap before
{Heap before GC invocations=8 (full 0):
 PSYoungGen      total 17856K, used 17794K [0x00000000eb160000, 0x00000000eccf0000, 0x0000000100000000)
  eden space 15040K, 100% used [0x00000000eb160000,0x00000000ec010000,0x00000000ec010000)
  from space 2816K, 97% used [0x00000000ec060000,0x00000000ec310b40,0x00000000ec320000)
  to   space 6592K, 0% used [0x00000000ec680000,0x00000000ec680000,0x00000000eccf0000)
 ParOldGen       total 42880K, used 25651K [0x00000000c1400000, 0x00000000c3de0000, 0x00000000eb160000)
  object space 42880K, 59% used [0x00000000c1400000,0x00000000c2d0cd58,0x00000000c3de0000)
 PSPermGen       total 23552K, used 23515K [0x00000000bc200000, 0x00000000bd900000, 0x00000000c1400000)
  object space 23552K, 99% used [0x00000000bc200000,0x00000000bd8f6ce8,0x00000000bd900000)
Event: 116.150 GC heap after
Heap after GC invocations=8 (full 0):
 PSYoungGen      total 20864K, used 3363K [0x00000000eb160000, 0x00000000ecc80000, 0x0000000100000000)
  eden space 14720K, 0% used [0x00000000eb160000,0x00000000eb160000,0x00000000ebfc0000)
  from space 6144K, 54% used [0x00000000ec680000,0x00000000ec9c8ce0,0x00000000ecc80000)
  to   space 6528K, 0% used [0x00000000ebfc0000,0x00000000ebfc0000,0x00000000ec620000)
 ParOldGen       total 42880K, used 26254K [0x00000000c1400000, 0x00000000c3de0000, 0x00000000eb160000)
  object space 42880K, 61% used [0x00000000c1400000,0x00000000c2da3948,0x00000000c3de0000)
 PSPermGen       total 23552K, used 23515K [0x00000000bc200000, 0x00000000bd900000, 0x00000000c1400000)
  object space 23552K, 99% used [0x00000000bc200000,0x00000000bd8f6ce8,0x00000000bd900000)
}

