# JRE version: 7.0_21-b11
# Java VM: Java HotSpot(TM) 64-Bit Server VM (23.21-b01 mixed mode windows-amd64 compressed oops)
Heap
 PSYoungGen      total 20800K, used 7489K [0x00000000eb160000, 0x00000000ecd10000, 0x0000000100000000)
  eden space 13504K, 51% used [0x00000000eb160000,0x00000000eb830758,0x00000000ebe90000)
  from space 7296K, 7% used [0x00000000ec5f0000,0x00000000ec670030,0x00000000ecd10000)
  to   space 7424K, 0% used [0x00000000ebe90000,0x00000000ebe90000,0x00000000ec5d0000)
 ParOldGen       total 42880K, used 28718K [0x00000000c1400000, 0x00000000c3de0000, 0x00000000eb160000)
  object space 42880K, 66% used [0x00000000c1400000,0x00000000c300b890,0x00000000c3de0000)
 PSPermGen       total 25088K, used 25043K [0x00000000bc200000, 0x00000000bda80000, 0x00000000c1400000)
  object space 25088K, 99% used [0x00000000bc200000,0x00000000bda74c38,0x00000000bda80000)
GC Heap History (10 events):
Event: 214.561 GC heap before
{Heap before GC invocations=8 (full 0):
 PSYoungGen      total 21312K, used 17541K [0x00000000eb160000, 0x00000000eccf0000, 0x0000000100000000)
  eden space 15040K, 100% used [0x00000000eb160000,0x00000000ec010000,0x00000000ec010000)
  from space 6272K, 39% used [0x00000000ec060000,0x00000000ec2d1568,0x00000000ec680000)
  to   space 6592K, 0% used [0x00000000ec680000,0x00000000ec680000,0x00000000eccf0000)
 ParOldGen       total 42880K, used 26046K [0x00000000c1400000, 0x00000000c3de0000, 0x00000000eb160000)
  object space 42880K, 60% used [0x00000000c1400000,0x00000000c2d6f800,0x00000000c3de0000)
 PSPermGen       total 25088K, used 24957K [0x00000000bc200000, 0x00000000bda80000, 0x00000000c1400000)
  object space 25088K, 99% used [0x00000000bc200000,0x00000000bda5f488,0x00000000bda80000)
Event: 214.564 GC heap after
Heap after GC invocations=8 (full 0):
 PSYoungGen      total 20992K, used 3052K [0x00000000eb160000, 0x00000000ecca0000, 0x0000000100000000)
  eden space 14720K, 0% used [0x00000000eb160000,0x00000000eb160000,0x00000000ebfc0000)
  from space 6272K, 48% used [0x00000000ec680000,0x00000000ec97b060,0x00000000ecca0000)
  to   space 6592K, 0% used [0x00000000ebfc0000,0x00000000ebfc0000,0x00000000ec630000)
 ParOldGen       total 42880K, used 26526K [0x00000000c1400000, 0x00000000c3de0000, 0x00000000eb160000)
  object space 42880K, 61% used [0x00000000c1400000,0x00000000c2de7870,0x00000000c3de0000)
 PSPermGen       total 25088K, used 24957K [0x00000000bc200000, 0x00000000bda80000, 0x00000000c1400000)
  object space 25088K, 99% used [0x00000000bc200000,0x00000000bda5f488,0x00000000bda80000)
}
Event: 236.539 GC heap before
{Heap before GC invocations=9 (full 0):
 PSYoungGen      total 20992K, used 17772K [0x00000000eb160000, 0x00000000ecca0000, 0x0000000100000000)
  eden space 14720K, 100% used [0x00000000eb160000,0x00000000ebfc0000,0x00000000ebfc0000)
  from space 6272K, 48% used [0x00000000ec680000,0x00000000ec97b060,0x00000000ecca0000)
  to   space 6592K, 0% used [0x00000000ebfc0000,0x00000000ebfc0000,0x00000000ec630000)
 ParOldGen       total 42880K, used 26526K [0x00000000c1400000, 0x00000000c3de0000, 0x00000000eb160000)
  object space 42880K, 61% used [0x00000000c1400000,0x00000000c2de7870,0x00000000c3de0000)
 PSPermGen       total 25088K, used 24966K [0x00000000bc200000, 0x00000000bda80000, 0x00000000c1400000)
  object space 25088K, 99% used [0x00000000bc200000,0x00000000bda61b88,0x00000000bda80000)
Event: 236.542 GC heap after
Heap after GC invocations=9 (full 0):
 PSYoungGen      total 16192K, used 1760K [0x00000000eb160000, 0x00000000eccd0000, 0x0000000100000000)
  eden space 14400K, 0% used [0x00000000eb160000,0x00000000eb160000,0x00000000ebf70000)
  from space 1792K, 98% used [0x00000000ebfc0000,0x00000000ec1780c0,0x00000000ec180000)
  to   space 6848K, 0% used [0x00000000ec620000,0x00000000ec620000,0x00000000eccd0000)
 ParOldGen       total 42880K, used 27429K [0x00000000c1400000, 0x00000000c3de0000, 0x00000000eb160000)
  object space 42880K, 63% used [0x00000000c1400000,0x00000000c2ec97e0,0x00000000c3de0000)
 PSPermGen       total 25088K, used 24966K [0x00000000bc200000, 0x00000000bda80000, 0x00000000c1400000)
  object space 25088K, 99% used [0x00000000bc200000,0x00000000bda61b88,0x00000000bda80000)
}
Event: 237.489 GC heap before
{Heap before GC invocations=10 (full 0):
 PSYoungGen      total 16192K, used 16160K [0x00000000eb160000, 0x00000000eccd0000, 0x0000000100000000)
  eden space 14400K, 100% used [0x00000000eb160000,0x00000000ebf70000,0x00000000ebf70000)
  from space 1792K, 98% used [0x00000000ebfc0000,0x00000000ec1780c0,0x00000000ec180000)
  to   space 6848K, 0% used [0x00000000ec620000,0x00000000ec620000,0x00000000eccd0000)
 ParOldGen       total 42880K, used 27429K [0x00000000c1400000, 0x00000000c3de0000, 0x00000000eb160000)
  object space 42880K, 63% used [0x00000000c1400000,0x00000000c2ec97e0,0x00000000c3de0000)
 PSPermGen       total 25088K, used 24976K [0x00000000bc200000, 0x00000000bda80000, 0x00000000c1400000)
  object space 25088K, 99% used [0x00000000bc200000,0x00000000bda64058,0x00000000bda80000)
Event: 237.491 GC heap after
Heap after GC invocations=10 (full 0):
 PSYoungGen      total 20928K, used 448K [0x00000000eb160000, 0x00000000ecd20000, 0x0000000100000000)
  eden space 14080K, 0% used [0x00000000eb160000,0x00000000eb160000,0x00000000ebf20000)
  from space 6848K, 6% used [0x00000000ec620000,0x00000000ec690030,0x00000000eccd0000)
  to   space 7168K, 0% used [0x00000000ebf20000,0x00000000ebf20000,0x00000000ec620000)
 ParOldGen       total 42880K, used 28238K [0x00000000c1400000, 0x00000000c3de0000, 0x00000000eb160000)
  object space 42880K, 65% used [0x00000000c1400000,0x00000000c2f93810,0x00000000c3de0000)
 PSPermGen       total 25088K, used 24976K [0x00000000bc200000, 0x00000000bda80000, 0x00000000c1400000)
  object space 25088K, 99% used [0x00000000bc200000,0x00000000bda64058,0x00000000bda80000)
}
Event: 257.232 GC heap before
{Heap before GC invocations=11 (full 0):
 PSYoungGen      total 20928K, used 14528K [0x00000000eb160000, 0x00000000ecd20000, 0x0000000100000000)
  eden space 14080K, 100% used [0x00000000eb160000,0x00000000ebf20000,0x00000000ebf20000)
  from space 6848K, 6% used [0x00000000ec620000,0x00000000ec690030,0x00000000eccd0000)
  to   space 7168K, 0% used [0x00000000ebf20000,0x00000000ebf20000,0x00000000ec620000)
 ParOldGen       total 42880K, used 28238K [0x00000000c1400000, 0x00000000c3de0000, 0x00000000eb160000)
  object space 42880K, 65% used [0x00000000c1400000,0x00000000c2f93810,0x00000000c3de0000)
 PSPermGen       total 25088K, used 24980K [0x00000000bc200000, 0x00000000bda80000, 0x00000000c1400000)
  object space 25088K, 99% used [0x00000000bc200000,0x00000000bda65058,0x00000000bda80000)
Event: 257.234 GC heap after
Heap after GC invocations=11 (full 0):
 PSYoungGen      total 14592K, used 768K [0x00000000eb160000, 0x00000000ecd10000, 0x0000000100000000)
  eden space 13760K, 0% used [0x00000000eb160000,0x00000000eb160000,0x00000000ebed0000)
  from space 832K, 92% used [0x00000000ebf20000,0x00000000ebfe0080,0x00000000ebff0000)
  to   space 7296K, 0% used [0x00000000ec5f0000,0x00000000ec5f0000,0x00000000ecd10000)
 ParOldGen       total 42880K, used 28478K [0x00000000c1400000, 0x00000000c3de0000, 0x00000000eb160000)
  object space 42880K, 66% used [0x00000000c1400000,0x00000000c2fcf850,0x00000000c3de0000)
 PSPermGen       total 25088K, used 24980K [0x00000000bc200000, 0x00000000bda80000, 0x00000000c1400000)
  object space 25088K, 99% used [0x00000000bc200000,0x00000000bda65058,0x00000000bda80000)
}
Event: 276.699 GC heap before
{Heap before GC invocations=12 (full 0):
 PSYoungGen      total 14592K, used 14528K [0x00000000eb160000, 0x00000000ecd10000, 0x0000000100000000)
  eden space 13760K, 100% used [0x00000000eb160000,0x00000000ebed0000,0x00000000ebed0000)
  from space 832K, 92% used [0x00000000ebf20000,0x00000000ebfe0080,0x00000000ebff0000)
  to   space 7296K, 0% used [0x00000000ec5f0000,0x00000000ec5f0000,0x00000000ecd10000)
 ParOldGen       total 42880K, used 28478K [0x00000000c1400000, 0x00000000c3de0000, 0x00000000eb160000)
  object space 42880K, 66% used [0x00000000c1400000,0x00000000c2fcf850,0x00000000c3de0000)
 PSPermGen       total 25088K, used 25021K [0x00000000bc200000, 0x00000000bda80000, 0x00000000c1400000)
  object space 25088K, 99% used [0x00000000bc200000,0x00000000bda6f648,0x00000000bda80000)
Event: 276.700 GC heap after
Heap after GC invocations=12 (full 0):
 PSYoungGen      total 20800K, used 512K [0x00000000eb160000, 0x00000000ecd10000, 0x0000000100000000)
  eden space 13504K, 0% used [0x00000000eb160000,0x00000000eb160000,0x00000000ebe90000)
  from space 7296K, 7% used [0x00000000ec5f0000,0x00000000ec670030,0x00000000ecd10000)
  to   space 7424K, 0% used [0x00000000ebe90000,0x00000000ebe90000,0x00000000ec5d0000)
 ParOldGen       total 42880K, used 28718K [0x00000000c1400000, 0x00000000c3de0000, 0x00000000eb160000)
  object space 42880K, 66% used [0x00000000c1400000,0x00000000c300b890,0x00000000c3de0000)
 PSPermGen       total 25088K, used 25021K [0x00000000bc200000, 0x00000000bda80000, 0x00000000c1400000)
  object space 25088K, 99% used [0x00000000bc200000,0x00000000bda6f648,0x00000000bda80000)
}

