# JRE version: 7.0_21-b11
# Java VM: Java HotSpot(TM) 64-Bit Server VM (23.21-b01 mixed mode windows-amd64 compressed oops)
Heap
 PSYoungGen      total 14144K, used 12214K [0x00000000eb160000, 0x00000000ed850000, 0x0000000100000000)
  eden space 13760K, 86% used [0x00000000eb160000,0x00000000ebcf5920,0x00000000ebed0000)
  from space 384K, 91% used [0x00000000ebf20000,0x00000000ebf78020,0x00000000ebf80000)
  to   space 13056K, 0% used [0x00000000ecb90000,0x00000000ecb90000,0x00000000ed850000)
 ParOldGen       total 42880K, used 27567K [0x00000000c1400000, 0x00000000c3de0000, 0x00000000eb160000)
  object space 42880K, 64% used [0x00000000c1400000,0x00000000c2eebd90,0x00000000c3de0000)
 PSPermGen       total 25088K, used 25034K [0x00000000bc200000, 0x00000000bda80000, 0x00000000c1400000)
  object space 25088K, 99% used [0x00000000bc200000,0x00000000bda72900,0x00000000bda80000)
GC Heap History (10 events):
Event: 68.529 GC heap before
{Heap before GC invocations=7 (full 0):
 PSYoungGen      total 28352K, used 19310K [0x00000000eb160000, 0x00000000edb00000, 0x0000000100000000)
  eden space 15360K, 100% used [0x00000000eb160000,0x00000000ec060000,0x00000000ec060000)
  from space 12992K, 30% used [0x00000000ece50000,0x00000000ed22b928,0x00000000edb00000)
  to   space 13632K, 0% used [0x00000000ec060000,0x00000000ec060000,0x00000000ecdb0000)
 ParOldGen       total 42880K, used 22731K [0x00000000c1400000, 0x00000000c3de0000, 0x00000000eb160000)
  object space 42880K, 53% used [0x00000000c1400000,0x00000000c2a32f80,0x00000000c3de0000)
 PSPermGen       total 23552K, used 23486K [0x00000000bc200000, 0x00000000bd900000, 0x00000000c1400000)
  object space 23552K, 99% used [0x00000000bc200000,0x00000000bd8efa30,0x00000000bd900000)
Event: 68.533 GC heap after
Heap after GC invocations=7 (full 0):
 PSYoungGen      total 17472K, used 2409K [0x00000000eb160000, 0x00000000eda90000, 0x0000000100000000)
  eden space 15040K, 0% used [0x00000000eb160000,0x00000000eb160000,0x00000000ec010000)
  from space 2432K, 99% used [0x00000000ec060000,0x00000000ec2ba4c0,0x00000000ec2c0000)
  to   space 13568K, 0% used [0x00000000ecd50000,0x00000000ecd50000,0x00000000eda90000)
 ParOldGen       total 42880K, used 24669K [0x00000000c1400000, 0x00000000c3de0000, 0x00000000eb160000)
  object space 42880K, 57% used [0x00000000c1400000,0x00000000c2c17420,0x00000000c3de0000)
 PSPermGen       total 23552K, used 23486K [0x00000000bc200000, 0x00000000bd900000, 0x00000000c1400000)
  object space 23552K, 99% used [0x00000000bc200000,0x00000000bd8efa30,0x00000000bd900000)
}
Event: 157.818 GC heap before
{Heap before GC invocations=8 (full 0):
 PSYoungGen      total 17472K, used 17449K [0x00000000eb160000, 0x00000000eda90000, 0x0000000100000000)
  eden space 15040K, 100% used [0x00000000eb160000,0x00000000ec010000,0x00000000ec010000)
  from space 2432K, 99% used [0x00000000ec060000,0x00000000ec2ba4c0,0x00000000ec2c0000)
  to   space 13568K, 0% used [0x00000000ecd50000,0x00000000ecd50000,0x00000000eda90000)
 ParOldGen       total 42880K, used 24669K [0x00000000c1400000, 0x00000000c3de0000, 0x00000000eb160000)
  object space 42880K, 57% used [0x00000000c1400000,0x00000000c2c17420,0x00000000c3de0000)
 PSPermGen       total 25088K, used 24957K [0x00000000bc200000, 0x00000000bda80000, 0x00000000c1400000)
  object space 25088K, 99% used [0x00000000bc200000,0x00000000bda5f5f8,0x00000000bda80000)
Event: 157.821 GC heap after
Heap after GC invocations=8 (full 0):
 PSYoungGen      total 27456K, used 2762K [0x00000000eb160000, 0x00000000ed9c0000, 0x0000000100000000)
  eden space 14720K, 0% used [0x00000000eb160000,0x00000000eb160000,0x00000000ebfc0000)
  from space 12736K, 21% used [0x00000000ecd50000,0x00000000ed002a38,0x00000000ed9c0000)
  to   space 13312K, 0% used [0x00000000ebfc0000,0x00000000ebfc0000,0x00000000eccc0000)
 ParOldGen       total 42880K, used 25238K [0x00000000c1400000, 0x00000000c3de0000, 0x00000000eb160000)
  object space 42880K, 58% used [0x00000000c1400000,0x00000000c2ca58d0,0x00000000c3de0000)
 PSPermGen       total 25088K, used 24957K [0x00000000bc200000, 0x00000000bda80000, 0x00000000c1400000)
  object space 25088K, 99% used [0x00000000bc200000,0x00000000bda5f5f8,0x00000000bda80000)
}
Event: 183.187 GC heap before
{Heap before GC invocations=9 (full 0):
 PSYoungGen      total 27456K, used 17482K [0x00000000eb160000, 0x00000000ed9c0000, 0x0000000100000000)
  eden space 14720K, 100% used [0x00000000eb160000,0x00000000ebfc0000,0x00000000ebfc0000)
  from space 12736K, 21% used [0x00000000ecd50000,0x00000000ed002a38,0x00000000ed9c0000)
  to   space 13312K, 0% used [0x00000000ebfc0000,0x00000000ebfc0000,0x00000000eccc0000)
 ParOldGen       total 42880K, used 25238K [0x00000000c1400000, 0x00000000c3de0000, 0x00000000eb160000)
  object space 42880K, 58% used [0x00000000c1400000,0x00000000c2ca58d0,0x00000000c3de0000)
 PSPermGen       total 25088K, used 24971K [0x00000000bc200000, 0x00000000bda80000, 0x00000000c1400000)
  object space 25088K, 99% used [0x00000000bc200000,0x00000000bda62fc0,0x00000000bda80000)
Event: 183.189 GC heap after
Heap after GC invocations=9 (full 0):
 PSYoungGen      total 16576K, used 2114K [0x00000000eb160000, 0x00000000ed910000, 0x0000000100000000)
  eden space 14400K, 0% used [0x00000000eb160000,0x00000000eb160000,0x00000000ebf70000)
  from space 2176K, 97% used [0x00000000ebfc0000,0x00000000ec1d0bd0,0x00000000ec1e0000)
  to   space 13120K, 0% used [0x00000000ecc40000,0x00000000ecc40000,0x00000000ed910000)
 ParOldGen       total 42880K, used 25806K [0x00000000c1400000, 0x00000000c3de0000, 0x00000000eb160000)
  object space 42880K, 60% used [0x00000000c1400000,0x00000000c2d338d0,0x00000000c3de0000)
 PSPermGen       total 25088K, used 24971K [0x00000000bc200000, 0x00000000bda80000, 0x00000000c1400000)
  object space 25088K, 99% used [0x00000000bc200000,0x00000000bda62fc0,0x00000000bda80000)
}
Event: 206.007 GC heap before
{Heap before GC invocations=10 (full 0):
 PSYoungGen      total 16576K, used 16514K [0x00000000eb160000, 0x00000000ed910000, 0x0000000100000000)
  eden space 14400K, 100% used [0x00000000eb160000,0x00000000ebf70000,0x00000000ebf70000)
  from space 2176K, 97% used [0x00000000ebfc0000,0x00000000ec1d0bd0,0x00000000ec1e0000)
  to   space 13120K, 0% used [0x00000000ecc40000,0x00000000ecc40000,0x00000000ed910000)
 ParOldGen       total 42880K, used 25806K [0x00000000c1400000, 0x00000000c3de0000, 0x00000000eb160000)
  object space 42880K, 60% used [0x00000000c1400000,0x00000000c2d338d0,0x00000000c3de0000)
 PSPermGen       total 25088K, used 24975K [0x00000000bc200000, 0x00000000bda80000, 0x00000000c1400000)
  object space 25088K, 99% used [0x00000000bc200000,0x00000000bda63dc0,0x00000000bda80000)
Event: 206.009 GC heap after
Heap after GC invocations=10 (full 0):
 PSYoungGen      total 26880K, used 560K [0x00000000eb160000, 0x00000000ed8c0000, 0x0000000100000000)
  eden space 14080K, 0% used [0x00000000eb160000,0x00000000eb160000,0x00000000ebf20000)
  from space 12800K, 4% used [0x00000000ecc40000,0x00000000ecccc060,0x00000000ed8c0000)
  to   space 13120K, 0% used [0x00000000ebf20000,0x00000000ebf20000,0x00000000ecbf0000)
 ParOldGen       total 42880K, used 27415K [0x00000000c1400000, 0x00000000c3de0000, 0x00000000eb160000)
  object space 42880K, 63% used [0x00000000c1400000,0x00000000c2ec5d60,0x00000000c3de0000)
 PSPermGen       total 25088K, used 24975K [0x00000000bc200000, 0x00000000bda80000, 0x00000000c1400000)
  object space 25088K, 99% used [0x00000000bc200000,0x00000000bda63dc0,0x00000000bda80000)
}
Event: 239.946 GC heap before
{Heap before GC invocations=11 (full 0):
 PSYoungGen      total 26880K, used 14640K [0x00000000eb160000, 0x00000000ed8c0000, 0x0000000100000000)
  eden space 14080K, 100% used [0x00000000eb160000,0x00000000ebf20000,0x00000000ebf20000)
  from space 12800K, 4% used [0x00000000ecc40000,0x00000000ecccc060,0x00000000ed8c0000)
  to   space 13120K, 0% used [0x00000000ebf20000,0x00000000ebf20000,0x00000000ecbf0000)
 ParOldGen       total 42880K, used 27415K [0x00000000c1400000, 0x00000000c3de0000, 0x00000000eb160000)
  object space 42880K, 63% used [0x00000000c1400000,0x00000000c2ec5d60,0x00000000c3de0000)
 PSPermGen       total 25088K, used 25013K [0x00000000bc200000, 0x00000000bda80000, 0x00000000c1400000)
  object space 25088K, 99% used [0x00000000bc200000,0x00000000bda6d528,0x00000000bda80000)
Event: 239.947 GC heap after
Heap after GC invocations=11 (full 0):
 PSYoungGen      total 14144K, used 352K [0x00000000eb160000, 0x00000000ed850000, 0x0000000100000000)
  eden space 13760K, 0% used [0x00000000eb160000,0x00000000eb160000,0x00000000ebed0000)
  from space 384K, 91% used [0x00000000ebf20000,0x00000000ebf78020,0x00000000ebf80000)
  to   space 13056K, 0% used [0x00000000ecb90000,0x00000000ecb90000,0x00000000ed850000)
 ParOldGen       total 42880K, used 27567K [0x00000000c1400000, 0x00000000c3de0000, 0x00000000eb160000)
  object space 42880K, 64% used [0x00000000c1400000,0x00000000c2eebd90,0x00000000c3de0000)
 PSPermGen       total 25088K, used 25013K [0x00000000bc200000, 0x00000000bda80000, 0x00000000c1400000)
  object space 25088K, 99% used [0x00000000bc200000,0x00000000bda6d528,0x00000000bda80000)
}

