# JRE version: 7.0_21-b11
# Java VM: Java HotSpot(TM) 64-Bit Server VM (23.21-b01 mixed mode windows-amd64 compressed oops)
Heap
 PSYoungGen      total 15488K, used 10741K [0x00000000eb160000, 0x00000000ece50000, 0x0000000100000000)
  eden space 14400K, 67% used [0x00000000eb160000,0x00000000ebad1780,0x00000000ebf70000)
  from space 1088K, 98% used [0x00000000ebfc0000,0x00000000ec0cc040,0x00000000ec0d0000)
  to   space 7616K, 0% used [0x00000000ec6e0000,0x00000000ec6e0000,0x00000000ece50000)
 ParOldGen       total 42880K, used 25853K [0x00000000c1400000, 0x00000000c3de0000, 0x00000000eb160000)
  object space 42880K, 60% used [0x00000000c1400000,0x00000000c2d3f7f0,0x00000000c3de0000)
 PSPermGen       total 25088K, used 24964K [0x00000000bc200000, 0x00000000bda80000, 0x00000000c1400000)
  object space 25088K, 99% used [0x00000000bc200000,0x00000000bda613c0,0x00000000bda80000)
GC Heap History (10 events):
Event: 68.138 GC heap before
{Heap before GC invocations=5 (full 0):
 PSYoungGen      total 18752K, used 18742K [0x00000000eb160000, 0x00000000ed600000, 0x0000000100000000)
  eden space 16128K, 100% used [0x00000000eb160000,0x00000000ec120000,0x00000000ec120000)
  from space 2624K, 99% used [0x00000000ed370000,0x00000000ed5fd870,0x00000000ed600000)
  to   space 2624K, 0% used [0x00000000ec120000,0x00000000ec120000,0x00000000ec3b0000)
 ParOldGen       total 42880K, used 20643K [0x00000000c1400000, 0x00000000c3de0000, 0x00000000eb160000)
  object space 42880K, 48% used [0x00000000c1400000,0x00000000c2828fd0,0x00000000c3de0000)
 PSPermGen       total 21248K, used 20990K [0x00000000bc200000, 0x00000000bd6c0000, 0x00000000c1400000)
  object space 21248K, 98% used [0x00000000bc200000,0x00000000bd67fa48,0x00000000bd6c0000)
Event: 68.143 GC heap after
Heap after GC invocations=5 (full 0):
 PSYoungGen      total 18368K, used 2614K [0x00000000eb160000, 0x00000000ed380000, 0x0000000100000000)
  eden space 15744K, 0% used [0x00000000eb160000,0x00000000eb160000,0x00000000ec0c0000)
  from space 2624K, 99% used [0x00000000ec120000,0x00000000ec3ad850,0x00000000ec3b0000)
  to   space 7360K, 0% used [0x00000000ecc50000,0x00000000ecc50000,0x00000000ed380000)
 ParOldGen       total 42880K, used 22617K [0x00000000c1400000, 0x00000000c3de0000, 0x00000000eb160000)
  object space 42880K, 52% used [0x00000000c1400000,0x00000000c2a165b8,0x00000000c3de0000)
 PSPermGen       total 21248K, used 20990K [0x00000000bc200000, 0x00000000bd6c0000, 0x00000000c1400000)
  object space 21248K, 98% used [0x00000000bc200000,0x00000000bd67fa48,0x00000000bd6c0000)
}
Event: 79.878 GC heap before
{Heap before GC invocations=6 (full 0):
 PSYoungGen      total 18368K, used 18358K [0x00000000eb160000, 0x00000000ed380000, 0x0000000100000000)
  eden space 15744K, 100% used [0x00000000eb160000,0x00000000ec0c0000,0x00000000ec0c0000)
  from space 2624K, 99% used [0x00000000ec120000,0x00000000ec3ad850,0x00000000ec3b0000)
  to   space 7360K, 0% used [0x00000000ecc50000,0x00000000ecc50000,0x00000000ed380000)
 ParOldGen       total 42880K, used 22617K [0x00000000c1400000, 0x00000000c3de0000, 0x00000000eb160000)
  object space 42880K, 52% used [0x00000000c1400000,0x00000000c2a165b8,0x00000000c3de0000)
 PSPermGen       total 22784K, used 22671K [0x00000000bc200000, 0x00000000bd840000, 0x00000000c1400000)
  object space 22784K, 99% used [0x00000000bc200000,0x00000000bd823c28,0x00000000bd840000)
Event: 79.884 GC heap after
Heap after GC invocations=6 (full 0):
 PSYoungGen      total 20096K, used 4707K [0x00000000eb160000, 0x00000000ed0f0000, 0x0000000100000000)
  eden space 15360K, 0% used [0x00000000eb160000,0x00000000eb160000,0x00000000ec060000)
  from space 4736K, 99% used [0x00000000ecc50000,0x00000000ed0e8ca0,0x00000000ed0f0000)
  to   space 6976K, 0% used [0x00000000ec350000,0x00000000ec350000,0x00000000eca20000)
 ParOldGen       total 42880K, used 22617K [0x00000000c1400000, 0x00000000c3de0000, 0x00000000eb160000)
  object space 42880K, 52% used [0x00000000c1400000,0x00000000c2a165b8,0x00000000c3de0000)
 PSPermGen       total 22784K, used 22671K [0x00000000bc200000, 0x00000000bd840000, 0x00000000c1400000)
  object space 22784K, 99% used [0x00000000bc200000,0x00000000bd823c28,0x00000000bd840000)
}
Event: 80.797 GC heap before
{Heap before GC invocations=7 (full 0):
 PSYoungGen      total 20096K, used 20067K [0x00000000eb160000, 0x00000000ed0f0000, 0x0000000100000000)
  eden space 15360K, 100% used [0x00000000eb160000,0x00000000ec060000,0x00000000ec060000)
  from space 4736K, 99% used [0x00000000ecc50000,0x00000000ed0e8ca0,0x00000000ed0f0000)
  to   space 6976K, 0% used [0x00000000ec350000,0x00000000ec350000,0x00000000eca20000)
 ParOldGen       total 42880K, used 22617K [0x00000000c1400000, 0x00000000c3de0000, 0x00000000eb160000)
  object space 42880K, 52% used [0x00000000c1400000,0x00000000c2a165b8,0x00000000c3de0000)
 PSPermGen       total 23552K, used 23419K [0x00000000bc200000, 0x00000000bd900000, 0x00000000c1400000)
  object space 23552K, 99% used [0x00000000bc200000,0x00000000bd8ded88,0x00000000bd900000)
Event: 80.802 GC heap after
Heap after GC invocations=7 (full 0):
 PSYoungGen      total 17344K, used 2303K [0x00000000eb160000, 0x00000000ece30000, 0x0000000100000000)
  eden space 15040K, 0% used [0x00000000eb160000,0x00000000eb160000,0x00000000ec010000)
  from space 2304K, 99% used [0x00000000ec350000,0x00000000ec58fc70,0x00000000ec590000)
  to   space 7232K, 0% used [0x00000000ec720000,0x00000000ec720000,0x00000000ece30000)
 ParOldGen       total 42880K, used 24329K [0x00000000c1400000, 0x00000000c3de0000, 0x00000000eb160000)
  object space 42880K, 56% used [0x00000000c1400000,0x00000000c2bc26c0,0x00000000c3de0000)
 PSPermGen       total 23552K, used 23419K [0x00000000bc200000, 0x00000000bd900000, 0x00000000c1400000)
  object space 23552K, 99% used [0x00000000bc200000,0x00000000bd8ded88,0x00000000bd900000)
}
Event: 154.719 GC heap before
{Heap before GC invocations=8 (full 0):
 PSYoungGen      total 17344K, used 17343K [0x00000000eb160000, 0x00000000ece30000, 0x0000000100000000)
  eden space 15040K, 100% used [0x00000000eb160000,0x00000000ec010000,0x00000000ec010000)
  from space 2304K, 99% used [0x00000000ec350000,0x00000000ec58fc70,0x00000000ec590000)
  to   space 7232K, 0% used [0x00000000ec720000,0x00000000ec720000,0x00000000ece30000)
 ParOldGen       total 42880K, used 24329K [0x00000000c1400000, 0x00000000c3de0000, 0x00000000eb160000)
  object space 42880K, 56% used [0x00000000c1400000,0x00000000c2bc26c0,0x00000000c3de0000)
 PSPermGen       total 24896K, used 24886K [0x00000000bc200000, 0x00000000bda50000, 0x00000000c1400000)
  object space 24896K, 99% used [0x00000000bc200000,0x00000000bda4d8b0,0x00000000bda50000)
Event: 154.723 GC heap after
Heap after GC invocations=8 (full 0):
 PSYoungGen      total 21888K, used 2179K [0x00000000eb160000, 0x00000000ece20000, 0x0000000100000000)
  eden space 14720K, 0% used [0x00000000eb160000,0x00000000eb160000,0x00000000ebfc0000)
  from space 7168K, 30% used [0x00000000ec720000,0x00000000ec940cf8,0x00000000ece20000)
  to   space 7360K, 0% used [0x00000000ebfc0000,0x00000000ebfc0000,0x00000000ec6f0000)
 ParOldGen       total 42880K, used 24871K [0x00000000c1400000, 0x00000000c3de0000, 0x00000000eb160000)
  object space 42880K, 58% used [0x00000000c1400000,0x00000000c2c49c80,0x00000000c3de0000)
 PSPermGen       total 24896K, used 24886K [0x00000000bc200000, 0x00000000bda50000, 0x00000000c1400000)
  object space 24896K, 99% used [0x00000000bc200000,0x00000000bda4d8b0,0x00000000bda50000)
}
Event: 199.919 GC heap before
{Heap before GC invocations=9 (full 0):
 PSYoungGen      total 21888K, used 16899K [0x00000000eb160000, 0x00000000ece20000, 0x0000000100000000)
  eden space 14720K, 100% used [0x00000000eb160000,0x00000000ebfc0000,0x00000000ebfc0000)
  from space 7168K, 30% used [0x00000000ec720000,0x00000000ec940cf8,0x00000000ece20000)
  to   space 7360K, 0% used [0x00000000ebfc0000,0x00000000ebfc0000,0x00000000ec6f0000)
 ParOldGen       total 42880K, used 24871K [0x00000000c1400000, 0x00000000c3de0000, 0x00000000eb160000)
  object space 42880K, 58% used [0x00000000c1400000,0x00000000c2c49c80,0x00000000c3de0000)
 PSPermGen       total 25088K, used 24944K [0x00000000bc200000, 0x00000000bda80000, 0x00000000c1400000)
  object space 25088K, 99% used [0x00000000bc200000,0x00000000bda5c1d0,0x00000000bda80000)
Event: 199.922 GC heap after
Heap after GC invocations=9 (full 0):
 PSYoungGen      total 15488K, used 1072K [0x00000000eb160000, 0x00000000ece50000, 0x0000000100000000)
  eden space 14400K, 0% used [0x00000000eb160000,0x00000000eb160000,0x00000000ebf70000)
  from space 1088K, 98% used [0x00000000ebfc0000,0x00000000ec0cc040,0x00000000ec0d0000)
  to   space 7616K, 0% used [0x00000000ec6e0000,0x00000000ec6e0000,0x00000000ece50000)
 ParOldGen       total 42880K, used 25853K [0x00000000c1400000, 0x00000000c3de0000, 0x00000000eb160000)
  object space 42880K, 60% used [0x00000000c1400000,0x00000000c2d3f7f0,0x00000000c3de0000)
 PSPermGen       total 25088K, used 24944K [0x00000000bc200000, 0x00000000bda80000, 0x00000000c1400000)
  object space 25088K, 99% used [0x00000000bc200000,0x00000000bda5c1d0,0x00000000bda80000)
}

