# JRE version: 7.0_21-b11
# Java VM: Java HotSpot(TM) 64-Bit Server VM (23.21-b01 mixed mode windows-amd64 compressed oops)
Heap
 PSYoungGen      total 26432K, used 3123K [0x00000000eb160000, 0x00000000ed8d0000, 0x0000000100000000)
  eden space 13504K, 21% used [0x00000000eb160000,0x00000000eb424f90,0x00000000ebe90000)
  from space 12928K, 2% used [0x00000000ecc30000,0x00000000ecc78000,0x00000000ed8d0000)
  to   space 13440K, 0% used [0x00000000ebe90000,0x00000000ebe90000,0x00000000ecbb0000)
 ParOldGen       total 42880K, used 29377K [0x00000000c1400000, 0x00000000c3de0000, 0x00000000eb160000)
  object space 42880K, 68% used [0x00000000c1400000,0x00000000c30b04f8,0x00000000c3de0000)
 PSPermGen       total 25088K, used 25018K [0x00000000bc200000, 0x00000000bda80000, 0x00000000c1400000)
  object space 25088K, 99% used [0x00000000bc200000,0x00000000bda6ebe8,0x00000000bda80000)
GC Heap History (10 events):
Event: 190.194 GC heap before
{Heap before GC invocations=8 (full 0):
 PSYoungGen      total 16960K, used 16938K [0x00000000eb160000, 0x00000000edbb0000, 0x0000000100000000)
  eden space 15040K, 100% used [0x00000000eb160000,0x00000000ec010000,0x00000000ec010000)
  from space 1920K, 98% used [0x00000000ec060000,0x00000000ec23aa28,0x00000000ec240000)
  to   space 14144K, 0% used [0x00000000ecde0000,0x00000000ecde0000,0x00000000edbb0000)
 ParOldGen       total 42880K, used 27135K [0x00000000c1400000, 0x00000000c3de0000, 0x00000000eb160000)
  object space 42880K, 63% used [0x00000000c1400000,0x00000000c2e7ffa8,0x00000000c3de0000)
 PSPermGen       total 24896K, used 24895K [0x00000000bc200000, 0x00000000bda50000, 0x00000000c1400000)
  object space 24896K, 99% used [0x00000000bc200000,0x00000000bda4fe00,0x00000000bda50000)
Event: 190.196 GC heap after
Heap after GC invocations=8 (full 0):
 PSYoungGen      total 28288K, used 2181K [0x00000000eb160000, 0x00000000edb20000, 0x0000000100000000)
  eden space 14720K, 0% used [0x00000000eb160000,0x00000000eb160000,0x00000000ebfc0000)
  from space 13568K, 16% used [0x00000000ecde0000,0x00000000ed001410,0x00000000edb20000)
  to   space 14016K, 0% used [0x00000000ebfc0000,0x00000000ebfc0000,0x00000000ecd70000)
 ParOldGen       total 42880K, used 27528K [0x00000000c1400000, 0x00000000c3de0000, 0x00000000eb160000)
  object space 42880K, 64% used [0x00000000c1400000,0x00000000c2ee2018,0x00000000c3de0000)
 PSPermGen       total 24896K, used 24895K [0x00000000bc200000, 0x00000000bda50000, 0x00000000c1400000)
  object space 24896K, 99% used [0x00000000bc200000,0x00000000bda4fe00,0x00000000bda50000)
}
Event: 241.190 GC heap before
{Heap before GC invocations=9 (full 0):
 PSYoungGen      total 28288K, used 16901K [0x00000000eb160000, 0x00000000edb20000, 0x0000000100000000)
  eden space 14720K, 100% used [0x00000000eb160000,0x00000000ebfc0000,0x00000000ebfc0000)
  from space 13568K, 16% used [0x00000000ecde0000,0x00000000ed001410,0x00000000edb20000)
  to   space 14016K, 0% used [0x00000000ebfc0000,0x00000000ebfc0000,0x00000000ecd70000)
 ParOldGen       total 42880K, used 27528K [0x00000000c1400000, 0x00000000c3de0000, 0x00000000eb160000)
  object space 42880K, 64% used [0x00000000c1400000,0x00000000c2ee2018,0x00000000c3de0000)
 PSPermGen       total 25088K, used 24918K [0x00000000bc200000, 0x00000000bda80000, 0x00000000c1400000)
  object space 25088K, 99% used [0x00000000bc200000,0x00000000bda55ad8,0x00000000bda80000)
Event: 241.193 GC heap after
Heap after GC invocations=9 (full 0):
 PSYoungGen      total 15872K, used 1408K [0x00000000eb160000, 0x00000000edab0000, 0x0000000100000000)
  eden space 14400K, 0% used [0x00000000eb160000,0x00000000eb160000,0x00000000ebf70000)
  from space 1472K, 95% used [0x00000000ebfc0000,0x00000000ec1200c0,0x00000000ec130000)
  to   space 13952K, 0% used [0x00000000ecd10000,0x00000000ecd10000,0x00000000edab0000)
 ParOldGen       total 42880K, used 28337K [0x00000000c1400000, 0x00000000c3de0000, 0x00000000eb160000)
  object space 42880K, 66% used [0x00000000c1400000,0x00000000c2fac468,0x00000000c3de0000)
 PSPermGen       total 25088K, used 24918K [0x00000000bc200000, 0x00000000bda80000, 0x00000000c1400000)
  object space 25088K, 99% used [0x00000000bc200000,0x00000000bda55ad8,0x00000000bda80000)
}
Event: 275.636 GC heap before
{Heap before GC invocations=10 (full 0):
 PSYoungGen      total 15872K, used 15808K [0x00000000eb160000, 0x00000000edab0000, 0x0000000100000000)
  eden space 14400K, 100% used [0x00000000eb160000,0x00000000ebf70000,0x00000000ebf70000)
  from space 1472K, 95% used [0x00000000ebfc0000,0x00000000ec1200c0,0x00000000ec130000)
  to   space 13952K, 0% used [0x00000000ecd10000,0x00000000ecd10000,0x00000000edab0000)
 ParOldGen       total 42880K, used 28337K [0x00000000c1400000, 0x00000000c3de0000, 0x00000000eb160000)
  object space 42880K, 66% used [0x00000000c1400000,0x00000000c2fac468,0x00000000c3de0000)
 PSPermGen       total 25088K, used 24950K [0x00000000bc200000, 0x00000000bda80000, 0x00000000c1400000)
  object space 25088K, 99% used [0x00000000bc200000,0x00000000bda5d9a8,0x00000000bda80000)
Event: 275.638 GC heap after
Heap after GC invocations=10 (full 0):
 PSYoungGen      total 27456K, used 1040K [0x00000000eb160000, 0x00000000eda20000, 0x0000000100000000)
  eden space 14080K, 0% used [0x00000000eb160000,0x00000000eb160000,0x00000000ebf20000)
  from space 13376K, 7% used [0x00000000ecd10000,0x00000000ece14090,0x00000000eda20000)
  to   space 13824K, 0% used [0x00000000ebf20000,0x00000000ebf20000,0x00000000ecca0000)
 ParOldGen       total 42880K, used 29025K [0x00000000c1400000, 0x00000000c3de0000, 0x00000000eb160000)
  object space 42880K, 67% used [0x00000000c1400000,0x00000000c30584a8,0x00000000c3de0000)
 PSPermGen       total 25088K, used 24950K [0x00000000bc200000, 0x00000000bda80000, 0x00000000c1400000)
  object space 25088K, 99% used [0x00000000bc200000,0x00000000bda5d9a8,0x00000000bda80000)
}
Event: 332.856 GC heap before
{Heap before GC invocations=11 (full 0):
 PSYoungGen      total 27456K, used 15120K [0x00000000eb160000, 0x00000000eda20000, 0x0000000100000000)
  eden space 14080K, 100% used [0x00000000eb160000,0x00000000ebf20000,0x00000000ebf20000)
  from space 13376K, 7% used [0x00000000ecd10000,0x00000000ece14090,0x00000000eda20000)
  to   space 13824K, 0% used [0x00000000ebf20000,0x00000000ebf20000,0x00000000ecca0000)
 ParOldGen       total 42880K, used 29025K [0x00000000c1400000, 0x00000000c3de0000, 0x00000000eb160000)
  object space 42880K, 67% used [0x00000000c1400000,0x00000000c30584a8,0x00000000c3de0000)
 PSPermGen       total 25088K, used 24981K [0x00000000bc200000, 0x00000000bda80000, 0x00000000c1400000)
  object space 25088K, 99% used [0x00000000bc200000,0x00000000bda656c8,0x00000000bda80000)
Event: 332.859 GC heap after
Heap after GC invocations=11 (full 0):
 PSYoungGen      total 14272K, used 480K [0x00000000eb160000, 0x00000000ed990000, 0x0000000100000000)
  eden space 13760K, 0% used [0x00000000eb160000,0x00000000eb160000,0x00000000ebed0000)
  from space 512K, 93% used [0x00000000ebf20000,0x00000000ebf98030,0x00000000ebfa0000)
  to   space 13696K, 0% used [0x00000000ecc30000,0x00000000ecc30000,0x00000000ed990000)
 ParOldGen       total 42880K, used 29257K [0x00000000c1400000, 0x00000000c3de0000, 0x00000000eb160000)
  object space 42880K, 68% used [0x00000000c1400000,0x00000000c30924e8,0x00000000c3de0000)
 PSPermGen       total 25088K, used 24981K [0x00000000bc200000, 0x00000000bda80000, 0x00000000c1400000)
  object space 25088K, 99% used [0x00000000bc200000,0x00000000bda656c8,0x00000000bda80000)
}
Event: 333.765 GC heap before
{Heap before GC invocations=12 (full 0):
 PSYoungGen      total 14272K, used 14240K [0x00000000eb160000, 0x00000000ed990000, 0x0000000100000000)
  eden space 13760K, 100% used [0x00000000eb160000,0x00000000ebed0000,0x00000000ebed0000)
  from space 512K, 93% used [0x00000000ebf20000,0x00000000ebf98030,0x00000000ebfa0000)
  to   space 13696K, 0% used [0x00000000ecc30000,0x00000000ecc30000,0x00000000ed990000)
 ParOldGen       total 42880K, used 29257K [0x00000000c1400000, 0x00000000c3de0000, 0x00000000eb160000)
  object space 42880K, 68% used [0x00000000c1400000,0x00000000c30924e8,0x00000000c3de0000)
 PSPermGen       total 25088K, used 24994K [0x00000000bc200000, 0x00000000bda80000, 0x00000000c1400000)
  object space 25088K, 99% used [0x00000000bc200000,0x00000000bda688c8,0x00000000bda80000)
Event: 333.766 GC heap after
Heap after GC invocations=12 (full 0):
 PSYoungGen      total 26432K, used 288K [0x00000000eb160000, 0x00000000ed8d0000, 0x0000000100000000)
  eden space 13504K, 0% used [0x00000000eb160000,0x00000000eb160000,0x00000000ebe90000)
  from space 12928K, 2% used [0x00000000ecc30000,0x00000000ecc78000,0x00000000ed8d0000)
  to   space 13440K, 0% used [0x00000000ebe90000,0x00000000ebe90000,0x00000000ecbb0000)
 ParOldGen       total 42880K, used 29377K [0x00000000c1400000, 0x00000000c3de0000, 0x00000000eb160000)
  object space 42880K, 68% used [0x00000000c1400000,0x00000000c30b04f8,0x00000000c3de0000)
 PSPermGen       total 25088K, used 24994K [0x00000000bc200000, 0x00000000bda80000, 0x00000000c1400000)
  object space 25088K, 99% used [0x00000000bc200000,0x00000000bda688c8,0x00000000bda80000)
}

