# JRE version: 7.0_21-b11
# Java VM: Java HotSpot(TM) 64-Bit Server VM (23.21-b01 mixed mode windows-amd64 compressed oops)
Heap
 PSYoungGen      total 14976K, used 2728K [0x00000000eb160000, 0x00000000ec5d0000, 0x0000000100000000)
  eden space 10048K, 24% used [0x00000000eb160000,0x00000000eb3ca0f8,0x00000000ebb30000)
  from space 4928K, 5% used [0x00000000ec100000,0x00000000ec140000,0x00000000ec5d0000)
  to   space 5440K, 0% used [0x00000000ebb30000,0x00000000ebb30000,0x00000000ec080000)
 ParOldGen       total 42880K, used 26188K [0x00000000c1400000, 0x00000000c3de0000, 0x00000000eb160000)
  object space 42880K, 61% used [0x00000000c1400000,0x00000000c2d93370,0x00000000c3de0000)
 PSPermGen       total 23936K, used 23929K [0x00000000bc200000, 0x00000000bd960000, 0x00000000c1400000)
  object space 23936K, 99% used [0x00000000bc200000,0x00000000bd95e558,0x00000000bd960000)
GC Heap History (10 events):
Event: 308.510 GC heap before
{Heap before GC invocations=24 (full 0):
 PSYoungGen      total 11392K, used 11344K [0x00000000eb160000, 0x00000000ecac0000, 0x0000000100000000)
  eden space 11008K, 100% used [0x00000000eb160000,0x00000000ebc20000,0x00000000ebc20000)
  from space 384K, 87% used [0x00000000ebc50000,0x00000000ebca4020,0x00000000ebcb0000)
  to   space 7488K, 0% used [0x00000000ec370000,0x00000000ec370000,0x00000000ecac0000)
 ParOldGen       total 42880K, used 25380K [0x00000000c1400000, 0x00000000c3de0000, 0x00000000eb160000)
  object space 42880K, 59% used [0x00000000c1400000,0x00000000c2cc9240,0x00000000c3de0000)
 PSPermGen       total 23936K, used 23910K [0x00000000bc200000, 0x00000000bd960000, 0x00000000c1400000)
  object space 23936K, 99% used [0x00000000bc200000,0x00000000bd959870,0x00000000bd960000)
Event: 308.511 GC heap after
Heap after GC invocations=24 (full 0):
 PSYoungGen      total 17216K, used 352K [0x00000000eb160000, 0x00000000ec9b0000, 0x0000000100000000)
  eden space 10816K, 0% used [0x00000000eb160000,0x00000000eb160000,0x00000000ebbf0000)
  from space 6400K, 5% used [0x00000000ec370000,0x00000000ec3c8020,0x00000000ec9b0000)
  to   space 7040K, 0% used [0x00000000ebbf0000,0x00000000ebbf0000,0x00000000ec2d0000)
 ParOldGen       total 42880K, used 25540K [0x00000000c1400000, 0x00000000c3de0000, 0x00000000eb160000)
  object space 42880K, 59% used [0x00000000c1400000,0x00000000c2cf1280,0x00000000c3de0000)
 PSPermGen       total 23936K, used 23910K [0x00000000bc200000, 0x00000000bd960000, 0x00000000c1400000)
  object space 23936K, 99% used [0x00000000bc200000,0x00000000bd959870,0x00000000bd960000)
}
Event: 321.543 GC heap before
{Heap before GC invocations=25 (full 0):
 PSYoungGen      total 17216K, used 11168K [0x00000000eb160000, 0x00000000ec9b0000, 0x0000000100000000)
  eden space 10816K, 100% used [0x00000000eb160000,0x00000000ebbf0000,0x00000000ebbf0000)
  from space 6400K, 5% used [0x00000000ec370000,0x00000000ec3c8020,0x00000000ec9b0000)
  to   space 7040K, 0% used [0x00000000ebbf0000,0x00000000ebbf0000,0x00000000ec2d0000)
 ParOldGen       total 42880K, used 25540K [0x00000000c1400000, 0x00000000c3de0000, 0x00000000eb160000)
  object space 42880K, 59% used [0x00000000c1400000,0x00000000c2cf1280,0x00000000c3de0000)
 PSPermGen       total 23936K, used 23913K [0x00000000bc200000, 0x00000000bd960000, 0x00000000c1400000)
  object space 23936K, 99% used [0x00000000bc200000,0x00000000bd95a670,0x00000000bd960000)
Event: 321.545 GC heap after
Heap after GC invocations=25 (full 0):
 PSYoungGen      total 11072K, used 400K [0x00000000eb160000, 0x00000000ec8a0000, 0x0000000100000000)
  eden space 10624K, 0% used [0x00000000eb160000,0x00000000eb160000,0x00000000ebbc0000)
  from space 448K, 89% used [0x00000000ebbf0000,0x00000000ebc54020,0x00000000ebc60000)
  to   space 6592K, 0% used [0x00000000ec230000,0x00000000ec230000,0x00000000ec8a0000)
 ParOldGen       total 42880K, used 25660K [0x00000000c1400000, 0x00000000c3de0000, 0x00000000eb160000)
  object space 42880K, 59% used [0x00000000c1400000,0x00000000c2d0f290,0x00000000c3de0000)
 PSPermGen       total 23936K, used 23913K [0x00000000bc200000, 0x00000000bd960000, 0x00000000c1400000)
  object space 23936K, 99% used [0x00000000bc200000,0x00000000bd95a670,0x00000000bd960000)
}
Event: 329.343 GC heap before
{Heap before GC invocations=26 (full 0):
 PSYoungGen      total 11072K, used 11024K [0x00000000eb160000, 0x00000000ec8a0000, 0x0000000100000000)
  eden space 10624K, 100% used [0x00000000eb160000,0x00000000ebbc0000,0x00000000ebbc0000)
  from space 448K, 89% used [0x00000000ebbf0000,0x00000000ebc54020,0x00000000ebc60000)
  to   space 6592K, 0% used [0x00000000ec230000,0x00000000ec230000,0x00000000ec8a0000)
 ParOldGen       total 42880K, used 25660K [0x00000000c1400000, 0x00000000c3de0000, 0x00000000eb160000)
  object space 42880K, 59% used [0x00000000c1400000,0x00000000c2d0f290,0x00000000c3de0000)
 PSPermGen       total 23936K, used 23915K [0x00000000bc200000, 0x00000000bd960000, 0x00000000c1400000)
  object space 23936K, 99% used [0x00000000bc200000,0x00000000bd95adf8,0x00000000bd960000)
Event: 329.344 GC heap after
Heap after GC invocations=26 (full 0):
 PSYoungGen      total 15936K, used 352K [0x00000000eb160000, 0x00000000ec790000, 0x0000000100000000)
  eden space 10432K, 0% used [0x00000000eb160000,0x00000000eb160000,0x00000000ebb90000)
  from space 5504K, 6% used [0x00000000ec230000,0x00000000ec288020,0x00000000ec790000)
  to   space 6144K, 0% used [0x00000000ebb90000,0x00000000ebb90000,0x00000000ec190000)
 ParOldGen       total 42880K, used 25860K [0x00000000c1400000, 0x00000000c3de0000, 0x00000000eb160000)
  object space 42880K, 60% used [0x00000000c1400000,0x00000000c2d41300,0x00000000c3de0000)
 PSPermGen       total 23936K, used 23915K [0x00000000bc200000, 0x00000000bd960000, 0x00000000c1400000)
  object space 23936K, 99% used [0x00000000bc200000,0x00000000bd95adf8,0x00000000bd960000)
}
Event: 339.596 GC heap before
{Heap before GC invocations=27 (full 0):
 PSYoungGen      total 15936K, used 10784K [0x00000000eb160000, 0x00000000ec790000, 0x0000000100000000)
  eden space 10432K, 100% used [0x00000000eb160000,0x00000000ebb90000,0x00000000ebb90000)
  from space 5504K, 6% used [0x00000000ec230000,0x00000000ec288020,0x00000000ec790000)
  to   space 6144K, 0% used [0x00000000ebb90000,0x00000000ebb90000,0x00000000ec190000)
 ParOldGen       total 42880K, used 25860K [0x00000000c1400000, 0x00000000c3de0000, 0x00000000eb160000)
  object space 42880K, 60% used [0x00000000c1400000,0x00000000c2d41300,0x00000000c3de0000)
 PSPermGen       total 23936K, used 23926K [0x00000000bc200000, 0x00000000bd960000, 0x00000000c1400000)
  object space 23936K, 99% used [0x00000000bc200000,0x00000000bd95daa0,0x00000000bd960000)
Event: 339.598 GC heap after
Heap after GC invocations=27 (full 0):
 PSYoungGen      total 10560K, used 304K [0x00000000eb160000, 0x00000000ec6a0000, 0x0000000100000000)
  eden space 10240K, 0% used [0x00000000eb160000,0x00000000eb160000,0x00000000ebb60000)
  from space 320K, 95% used [0x00000000ebb90000,0x00000000ebbdc020,0x00000000ebbe0000)
  to   space 5760K, 0% used [0x00000000ec100000,0x00000000ec100000,0x00000000ec6a0000)
 ParOldGen       total 42880K, used 26028K [0x00000000c1400000, 0x00000000c3de0000, 0x00000000eb160000)
  object space 42880K, 60% used [0x00000000c1400000,0x00000000c2d6b330,0x00000000c3de0000)
 PSPermGen       total 23936K, used 23926K [0x00000000bc200000, 0x00000000bd960000, 0x00000000c1400000)
  object space 23936K, 99% used [0x00000000bc200000,0x00000000bd95daa0,0x00000000bd960000)
}
Event: 340.208 GC heap before
{Heap before GC invocations=28 (full 0):
 PSYoungGen      total 10560K, used 10544K [0x00000000eb160000, 0x00000000ec6a0000, 0x0000000100000000)
  eden space 10240K, 100% used [0x00000000eb160000,0x00000000ebb60000,0x00000000ebb60000)
  from space 320K, 95% used [0x00000000ebb90000,0x00000000ebbdc020,0x00000000ebbe0000)
  to   space 5760K, 0% used [0x00000000ec100000,0x00000000ec100000,0x00000000ec6a0000)
 ParOldGen       total 42880K, used 26028K [0x00000000c1400000, 0x00000000c3de0000, 0x00000000eb160000)
  object space 42880K, 60% used [0x00000000c1400000,0x00000000c2d6b330,0x00000000c3de0000)
 PSPermGen       total 23936K, used 23928K [0x00000000bc200000, 0x00000000bd960000, 0x00000000c1400000)
  object space 23936K, 99% used [0x00000000bc200000,0x00000000bd95e0a0,0x00000000bd960000)
Event: 340.209 GC heap after
Heap after GC invocations=28 (full 0):
 PSYoungGen      total 14976K, used 256K [0x00000000eb160000, 0x00000000ec5d0000, 0x0000000100000000)
  eden space 10048K, 0% used [0x00000000eb160000,0x00000000eb160000,0x00000000ebb30000)
  from space 4928K, 5% used [0x00000000ec100000,0x00000000ec140000,0x00000000ec5d0000)
  to   space 5440K, 0% used [0x00000000ebb30000,0x00000000ebb30000,0x00000000ec080000)
 ParOldGen       total 42880K, used 26188K [0x00000000c1400000, 0x00000000c3de0000, 0x00000000eb160000)
  object space 42880K, 61% used [0x00000000c1400000,0x00000000c2d93370,0x00000000c3de0000)
 PSPermGen       total 23936K, used 23928K [0x00000000bc200000, 0x00000000bd960000, 0x00000000c1400000)
  object space 23936K, 99% used [0x00000000bc200000,0x00000000bd95e0a0,0x00000000bd960000)
}

