# JRE version: 7.0_21-b11
# Java VM: Java HotSpot(TM) 64-Bit Server VM (23.21-b01 mixed mode windows-amd64 compressed oops)
Heap
 PSYoungGen      total 20608K, used 4554K [0x00000000eb160000, 0x00000000eccd0000, 0x0000000100000000)
  eden space 13504K, 30% used [0x00000000eb160000,0x00000000eb5627f8,0x00000000ebe90000)
  from space 7104K, 6% used [0x00000000ec5e0000,0x00000000ec650020,0x00000000eccd0000)
  to   space 7296K, 0% used [0x00000000ebe90000,0x00000000ebe90000,0x00000000ec5b0000)
 ParOldGen       total 42880K, used 27806K [0x00000000c1400000, 0x00000000c3de0000, 0x00000000eb160000)
  object space 42880K, 64% used [0x00000000c1400000,0x00000000c2f27ac8,0x00000000c3de0000)
 PSPermGen       total 25088K, used 25021K [0x00000000bc200000, 0x00000000bda80000, 0x00000000c1400000)
  object space 25088K, 99% used [0x00000000bc200000,0x00000000bda6f768,0x00000000bda80000)
GC Heap History (10 events):
Event: 138.234 GC heap before
{Heap before GC invocations=8 (full 0):
 PSYoungGen      total 17792K, used 17775K [0x00000000eb160000, 0x00000000eccb0000, 0x0000000100000000)
  eden space 15040K, 100% used [0x00000000eb160000,0x00000000ec010000,0x00000000ec010000)
  from space 2752K, 99% used [0x00000000ec060000,0x00000000ec30bf78,0x00000000ec310000)
  to   space 6464K, 0% used [0x00000000ec660000,0x00000000ec660000,0x00000000eccb0000)
 ParOldGen       total 42880K, used 25010K [0x00000000c1400000, 0x00000000c3de0000, 0x00000000eb160000)
  object space 42880K, 58% used [0x00000000c1400000,0x00000000c2c6cb98,0x00000000c3de0000)
 PSPermGen       total 25088K, used 24926K [0x00000000bc200000, 0x00000000bda80000, 0x00000000c1400000)
  object space 25088K, 99% used [0x00000000bc200000,0x00000000bda578e8,0x00000000bda80000)
Event: 138.237 GC heap after
Heap after GC invocations=8 (full 0):
 PSYoungGen      total 21120K, used 2390K [0x00000000eb160000, 0x00000000ecca0000, 0x0000000100000000)
  eden space 14720K, 0% used [0x00000000eb160000,0x00000000eb160000,0x00000000ebfc0000)
  from space 6400K, 37% used [0x00000000ec660000,0x00000000ec8b5b40,0x00000000ecca0000)
  to   space 6592K, 0% used [0x00000000ebfc0000,0x00000000ebfc0000,0x00000000ec630000)
 ParOldGen       total 42880K, used 25910K [0x00000000c1400000, 0x00000000c3de0000, 0x00000000eb160000)
  object space 42880K, 60% used [0x00000000c1400000,0x00000000c2d4dad8,0x00000000c3de0000)
 PSPermGen       total 25088K, used 24926K [0x00000000bc200000, 0x00000000bda80000, 0x00000000c1400000)
  object space 25088K, 99% used [0x00000000bc200000,0x00000000bda578e8,0x00000000bda80000)
}
Event: 170.625 GC heap before
{Heap before GC invocations=9 (full 0):
 PSYoungGen      total 21120K, used 17110K [0x00000000eb160000, 0x00000000ecca0000, 0x0000000100000000)
  eden space 14720K, 100% used [0x00000000eb160000,0x00000000ebfc0000,0x00000000ebfc0000)
  from space 6400K, 37% used [0x00000000ec660000,0x00000000ec8b5b40,0x00000000ecca0000)
  to   space 6592K, 0% used [0x00000000ebfc0000,0x00000000ebfc0000,0x00000000ec630000)
 ParOldGen       total 42880K, used 25910K [0x00000000c1400000, 0x00000000c3de0000, 0x00000000eb160000)
  object space 42880K, 60% used [0x00000000c1400000,0x00000000c2d4dad8,0x00000000c3de0000)
 PSPermGen       total 25088K, used 24951K [0x00000000bc200000, 0x00000000bda80000, 0x00000000c1400000)
  object space 25088K, 99% used [0x00000000bc200000,0x00000000bda5dc68,0x00000000bda80000)
Event: 170.628 GC heap after
Heap after GC invocations=9 (full 0):
 PSYoungGen      total 15808K, used 1392K [0x00000000eb160000, 0x00000000eccd0000, 0x0000000100000000)
  eden space 14400K, 0% used [0x00000000eb160000,0x00000000eb160000,0x00000000ebf70000)
  from space 1408K, 98% used [0x00000000ebfc0000,0x00000000ec11c0a0,0x00000000ec120000)
  to   space 6848K, 0% used [0x00000000ec620000,0x00000000ec620000,0x00000000eccd0000)
 ParOldGen       total 42880K, used 26822K [0x00000000c1400000, 0x00000000c3de0000, 0x00000000eb160000)
  object space 42880K, 62% used [0x00000000c1400000,0x00000000c2e31a48,0x00000000c3de0000)
 PSPermGen       total 25088K, used 24951K [0x00000000bc200000, 0x00000000bda80000, 0x00000000c1400000)
  object space 25088K, 99% used [0x00000000bc200000,0x00000000bda5dc68,0x00000000bda80000)
}
Event: 207.574 GC heap before
{Heap before GC invocations=10 (full 0):
 PSYoungGen      total 15808K, used 15792K [0x00000000eb160000, 0x00000000eccd0000, 0x0000000100000000)
  eden space 14400K, 100% used [0x00000000eb160000,0x00000000ebf70000,0x00000000ebf70000)
  from space 1408K, 98% used [0x00000000ebfc0000,0x00000000ec11c0a0,0x00000000ec120000)
  to   space 6848K, 0% used [0x00000000ec620000,0x00000000ec620000,0x00000000eccd0000)
 ParOldGen       total 42880K, used 26822K [0x00000000c1400000, 0x00000000c3de0000, 0x00000000eb160000)
  object space 42880K, 62% used [0x00000000c1400000,0x00000000c2e31a48,0x00000000c3de0000)
 PSPermGen       total 25088K, used 24954K [0x00000000bc200000, 0x00000000bda80000, 0x00000000c1400000)
  object space 25088K, 99% used [0x00000000bc200000,0x00000000bda5e848,0x00000000bda80000)
Event: 207.576 GC heap after
Heap after GC invocations=10 (full 0):
 PSYoungGen      total 20928K, used 992K [0x00000000eb160000, 0x00000000ecce0000, 0x0000000100000000)
  eden space 14080K, 0% used [0x00000000eb160000,0x00000000eb160000,0x00000000ebf20000)
  from space 6848K, 14% used [0x00000000ec620000,0x00000000ec7180a0,0x00000000eccd0000)
  to   space 7040K, 0% used [0x00000000ebf20000,0x00000000ebf20000,0x00000000ec600000)
 ParOldGen       total 42880K, used 27462K [0x00000000c1400000, 0x00000000c3de0000, 0x00000000eb160000)
  object space 42880K, 64% used [0x00000000c1400000,0x00000000c2ed1a78,0x00000000c3de0000)
 PSPermGen       total 25088K, used 24954K [0x00000000bc200000, 0x00000000bda80000, 0x00000000c1400000)
  object space 25088K, 99% used [0x00000000bc200000,0x00000000bda5e848,0x00000000bda80000)
}
Event: 224.393 GC heap before
{Heap before GC invocations=11 (full 0):
 PSYoungGen      total 20928K, used 15072K [0x00000000eb160000, 0x00000000ecce0000, 0x0000000100000000)
  eden space 14080K, 100% used [0x00000000eb160000,0x00000000ebf20000,0x00000000ebf20000)
  from space 6848K, 14% used [0x00000000ec620000,0x00000000ec7180a0,0x00000000eccd0000)
  to   space 7040K, 0% used [0x00000000ebf20000,0x00000000ebf20000,0x00000000ec600000)
 ParOldGen       total 42880K, used 27462K [0x00000000c1400000, 0x00000000c3de0000, 0x00000000eb160000)
  object space 42880K, 64% used [0x00000000c1400000,0x00000000c2ed1a78,0x00000000c3de0000)
 PSPermGen       total 25088K, used 24958K [0x00000000bc200000, 0x00000000bda80000, 0x00000000c1400000)
  object space 25088K, 99% used [0x00000000bc200000,0x00000000bda5f820,0x00000000bda80000)
Event: 224.395 GC heap after
Heap after GC invocations=11 (full 0):
 PSYoungGen      total 14144K, used 336K [0x00000000eb160000, 0x00000000eccf0000, 0x0000000100000000)
  eden space 13760K, 0% used [0x00000000eb160000,0x00000000eb160000,0x00000000ebed0000)
  from space 384K, 87% used [0x00000000ebf20000,0x00000000ebf74020,0x00000000ebf80000)
  to   space 7232K, 0% used [0x00000000ec5e0000,0x00000000ec5e0000,0x00000000eccf0000)
 ParOldGen       total 42880K, used 27694K [0x00000000c1400000, 0x00000000c3de0000, 0x00000000eb160000)
  object space 42880K, 64% used [0x00000000c1400000,0x00000000c2f0bab8,0x00000000c3de0000)
 PSPermGen       total 25088K, used 24958K [0x00000000bc200000, 0x00000000bda80000, 0x00000000c1400000)
  object space 25088K, 99% used [0x00000000bc200000,0x00000000bda5f820,0x00000000bda80000)
}
Event: 270.463 GC heap before
{Heap before GC invocations=12 (full 0):
 PSYoungGen      total 14144K, used 14096K [0x00000000eb160000, 0x00000000eccf0000, 0x0000000100000000)
  eden space 13760K, 100% used [0x00000000eb160000,0x00000000ebed0000,0x00000000ebed0000)
  from space 384K, 87% used [0x00000000ebf20000,0x00000000ebf74020,0x00000000ebf80000)
  to   space 7232K, 0% used [0x00000000ec5e0000,0x00000000ec5e0000,0x00000000eccf0000)
 ParOldGen       total 42880K, used 27694K [0x00000000c1400000, 0x00000000c3de0000, 0x00000000eb160000)
  object space 42880K, 64% used [0x00000000c1400000,0x00000000c2f0bab8,0x00000000c3de0000)
 PSPermGen       total 25088K, used 24995K [0x00000000bc200000, 0x00000000bda80000, 0x00000000c1400000)
  object space 25088K, 99% used [0x00000000bc200000,0x00000000bda68d68,0x00000000bda80000)
Event: 270.465 GC heap after
Heap after GC invocations=12 (full 0):
 PSYoungGen      total 20608K, used 448K [0x00000000eb160000, 0x00000000eccd0000, 0x0000000100000000)
  eden space 13504K, 0% used [0x00000000eb160000,0x00000000eb160000,0x00000000ebe90000)
  from space 7104K, 6% used [0x00000000ec5e0000,0x00000000ec650020,0x00000000eccd0000)
  to   space 7296K, 0% used [0x00000000ebe90000,0x00000000ebe90000,0x00000000ec5b0000)
 ParOldGen       total 42880K, used 27806K [0x00000000c1400000, 0x00000000c3de0000, 0x00000000eb160000)
  object space 42880K, 64% used [0x00000000c1400000,0x00000000c2f27ac8,0x00000000c3de0000)
 PSPermGen       total 25088K, used 24995K [0x00000000bc200000, 0x00000000bda80000, 0x00000000c1400000)
  object space 25088K, 99% used [0x00000000bc200000,0x00000000bda68d68,0x00000000bda80000)
}

