# JRE version: 7.0_21-b11
# Java VM: Java HotSpot(TM) 64-Bit Server VM (23.21-b01 mixed mode windows-amd64 compressed oops)
Heap
 PSYoungGen      total 12096K, used 3276K [0x00000000eb160000, 0x00000000ed0e0000, 0x0000000100000000)
  eden space 11776K, 25% used [0x00000000eb160000,0x00000000eb44b180,0x00000000ebce0000)
  from space 320K, 90% used [0x00000000ebd10000,0x00000000ebd58000,0x00000000ebd60000)
  to   space 10240K, 0% used [0x00000000ec6e0000,0x00000000ec6e0000,0x00000000ed0e0000)
 ParOldGen       total 42880K, used 29858K [0x00000000c1400000, 0x00000000c3de0000, 0x00000000eb160000)
  object space 42880K, 69% used [0x00000000c1400000,0x00000000c3128b48,0x00000000c3de0000)
 PSPermGen       total 25280K, used 25109K [0x00000000bc200000, 0x00000000bdab0000, 0x00000000c1400000)
  object space 25280K, 99% used [0x00000000bc200000,0x00000000bda856d8,0x00000000bdab0000)
GC Heap History (10 events):
Event: 133.283 GC heap before
{Heap before GC invocations=15 (full 0):
 PSYoungGen      total 25024K, used 13264K [0x00000000eb160000, 0x00000000ed6b0000, 0x0000000100000000)
  eden space 12992K, 100% used [0x00000000eb160000,0x00000000ebe10000,0x00000000ebe10000)
  from space 12032K, 2% used [0x00000000ecaf0000,0x00000000ecb34020,0x00000000ed6b0000)
  to   space 12608K, 0% used [0x00000000ebe10000,0x00000000ebe10000,0x00000000eca60000)
 ParOldGen       total 42880K, used 29194K [0x00000000c1400000, 0x00000000c3de0000, 0x00000000eb160000)
  object space 42880K, 68% used [0x00000000c1400000,0x00000000c3082ab8,0x00000000c3de0000)
 PSPermGen       total 25088K, used 25065K [0x00000000bc200000, 0x00000000bda80000, 0x00000000c1400000)
  object space 25088K, 99% used [0x00000000bc200000,0x00000000bda7a6a0,0x00000000bda80000)
Event: 133.284 GC heap after
Heap after GC invocations=15 (full 0):
 PSYoungGen      total 13120K, used 352K [0x00000000eb160000, 0x00000000ed590000, 0x0000000100000000)
  eden space 12736K, 0% used [0x00000000eb160000,0x00000000eb160000,0x00000000ebdd0000)
  from space 384K, 91% used [0x00000000ebe10000,0x00000000ebe68010,0x00000000ebe70000)
  to   space 12160K, 0% used [0x00000000ec9b0000,0x00000000ec9b0000,0x00000000ed590000)
 ParOldGen       total 42880K, used 29322K [0x00000000c1400000, 0x00000000c3de0000, 0x00000000eb160000)
  object space 42880K, 68% used [0x00000000c1400000,0x00000000c30a2ad8,0x00000000c3de0000)
 PSPermGen       total 25088K, used 25065K [0x00000000bc200000, 0x00000000bda80000, 0x00000000c1400000)
  object space 25088K, 99% used [0x00000000bc200000,0x00000000bda7a6a0,0x00000000bda80000)
}
Event: 142.500 GC heap before
{Heap before GC invocations=16 (full 0):
 PSYoungGen      total 13120K, used 13088K [0x00000000eb160000, 0x00000000ed590000, 0x0000000100000000)
  eden space 12736K, 100% used [0x00000000eb160000,0x00000000ebdd0000,0x00000000ebdd0000)
  from space 384K, 91% used [0x00000000ebe10000,0x00000000ebe68010,0x00000000ebe70000)
  to   space 12160K, 0% used [0x00000000ec9b0000,0x00000000ec9b0000,0x00000000ed590000)
 ParOldGen       total 42880K, used 29322K [0x00000000c1400000, 0x00000000c3de0000, 0x00000000eb160000)
  object space 42880K, 68% used [0x00000000c1400000,0x00000000c30a2ad8,0x00000000c3de0000)
 PSPermGen       total 25088K, used 25072K [0x00000000bc200000, 0x00000000bda80000, 0x00000000c1400000)
  object space 25088K, 99% used [0x00000000bc200000,0x00000000bda7c088,0x00000000bda80000)
Event: 142.501 GC heap after
Heap after GC invocations=16 (full 0):
 PSYoungGen      total 23488K, used 272K [0x00000000eb160000, 0x00000000ed470000, 0x0000000100000000)
  eden space 12480K, 0% used [0x00000000eb160000,0x00000000eb160000,0x00000000ebd90000)
  from space 11008K, 2% used [0x00000000ec9b0000,0x00000000ec9f4020,0x00000000ed470000)
  to   space 11712K, 0% used [0x00000000ebd90000,0x00000000ebd90000,0x00000000ec900000)
 ParOldGen       total 42880K, used 29442K [0x00000000c1400000, 0x00000000c3de0000, 0x00000000eb160000)
  object space 42880K, 68% used [0x00000000c1400000,0x00000000c30c0ae8,0x00000000c3de0000)
 PSPermGen       total 25088K, used 25072K [0x00000000bc200000, 0x00000000bda80000, 0x00000000c1400000)
  object space 25088K, 99% used [0x00000000bc200000,0x00000000bda7c088,0x00000000bda80000)
}
Event: 153.591 GC heap before
{Heap before GC invocations=17 (full 0):
 PSYoungGen      total 23488K, used 12752K [0x00000000eb160000, 0x00000000ed470000, 0x0000000100000000)
  eden space 12480K, 100% used [0x00000000eb160000,0x00000000ebd90000,0x00000000ebd90000)
  from space 11008K, 2% used [0x00000000ec9b0000,0x00000000ec9f4020,0x00000000ed470000)
  to   space 11712K, 0% used [0x00000000ebd90000,0x00000000ebd90000,0x00000000ec900000)
 ParOldGen       total 42880K, used 29442K [0x00000000c1400000, 0x00000000c3de0000, 0x00000000eb160000)
  object space 42880K, 68% used [0x00000000c1400000,0x00000000c30c0ae8,0x00000000c3de0000)
 PSPermGen       total 25088K, used 25073K [0x00000000bc200000, 0x00000000bda80000, 0x00000000c1400000)
  object space 25088K, 99% used [0x00000000bc200000,0x00000000bda7c450,0x00000000bda80000)
Event: 153.592 GC heap after
Heap after GC invocations=17 (full 0):
 PSYoungGen      total 12608K, used 368K [0x00000000eb160000, 0x00000000ed350000, 0x0000000100000000)
  eden space 12224K, 0% used [0x00000000eb160000,0x00000000eb160000,0x00000000ebd50000)
  from space 384K, 95% used [0x00000000ebd90000,0x00000000ebdec020,0x00000000ebdf0000)
  to   space 11264K, 0% used [0x00000000ec850000,0x00000000ec850000,0x00000000ed350000)
 ParOldGen       total 42880K, used 29570K [0x00000000c1400000, 0x00000000c3de0000, 0x00000000eb160000)
  object space 42880K, 68% used [0x00000000c1400000,0x00000000c30e0af8,0x00000000c3de0000)
 PSPermGen       total 25088K, used 25073K [0x00000000bc200000, 0x00000000bda80000, 0x00000000c1400000)
  object space 25088K, 99% used [0x00000000bc200000,0x00000000bda7c450,0x00000000bda80000)
}
Event: 161.041 GC heap before
{Heap before GC invocations=18 (full 0):
 PSYoungGen      total 12608K, used 12592K [0x00000000eb160000, 0x00000000ed350000, 0x0000000100000000)
  eden space 12224K, 100% used [0x00000000eb160000,0x00000000ebd50000,0x00000000ebd50000)
  from space 384K, 95% used [0x00000000ebd90000,0x00000000ebdec020,0x00000000ebdf0000)
  to   space 11264K, 0% used [0x00000000ec850000,0x00000000ec850000,0x00000000ed350000)
 ParOldGen       total 42880K, used 29570K [0x00000000c1400000, 0x00000000c3de0000, 0x00000000eb160000)
  object space 42880K, 68% used [0x00000000c1400000,0x00000000c30e0af8,0x00000000c3de0000)
 PSPermGen       total 25088K, used 25087K [0x00000000bc200000, 0x00000000bda80000, 0x00000000c1400000)
  object space 25088K, 99% used [0x00000000bc200000,0x00000000bda7fcd0,0x00000000bda80000)
Event: 161.043 GC heap after
Heap after GC invocations=18 (full 0):
 PSYoungGen      total 21952K, used 496K [0x00000000eb160000, 0x00000000ed210000, 0x0000000100000000)
  eden space 11968K, 0% used [0x00000000eb160000,0x00000000eb160000,0x00000000ebd10000)
  from space 9984K, 4% used [0x00000000ec850000,0x00000000ec8cc020,0x00000000ed210000)
  to   space 10752K, 0% used [0x00000000ebd10000,0x00000000ebd10000,0x00000000ec790000)
 ParOldGen       total 42880K, used 29698K [0x00000000c1400000, 0x00000000c3de0000, 0x00000000eb160000)
  object space 42880K, 69% used [0x00000000c1400000,0x00000000c3100b08,0x00000000c3de0000)
 PSPermGen       total 25088K, used 25087K [0x00000000bc200000, 0x00000000bda80000, 0x00000000c1400000)
  object space 25088K, 99% used [0x00000000bc200000,0x00000000bda7fcd0,0x00000000bda80000)
}
Event: 162.183 GC heap before
{Heap before GC invocations=19 (full 0):
 PSYoungGen      total 21952K, used 12464K [0x00000000eb160000, 0x00000000ed210000, 0x0000000100000000)
  eden space 11968K, 100% used [0x00000000eb160000,0x00000000ebd10000,0x00000000ebd10000)
  from space 9984K, 4% used [0x00000000ec850000,0x00000000ec8cc020,0x00000000ed210000)
  to   space 10752K, 0% used [0x00000000ebd10000,0x00000000ebd10000,0x00000000ec790000)
 ParOldGen       total 42880K, used 29698K [0x00000000c1400000, 0x00000000c3de0000, 0x00000000eb160000)
  object space 42880K, 69% used [0x00000000c1400000,0x00000000c3100b08,0x00000000c3de0000)
 PSPermGen       total 25280K, used 25096K [0x00000000bc200000, 0x00000000bdab0000, 0x00000000c1400000)
  object space 25280K, 99% used [0x00000000bc200000,0x00000000bda82060,0x00000000bdab0000)
Event: 162.184 GC heap after
Heap after GC invocations=19 (full 0):
 PSYoungGen      total 12096K, used 288K [0x00000000eb160000, 0x00000000ed0e0000, 0x0000000100000000)
  eden space 11776K, 0% used [0x00000000eb160000,0x00000000eb160000,0x00000000ebce0000)
  from space 320K, 90% used [0x00000000ebd10000,0x00000000ebd58000,0x00000000ebd60000)
  to   space 10240K, 0% used [0x00000000ec6e0000,0x00000000ec6e0000,0x00000000ed0e0000)
 ParOldGen       total 42880K, used 29858K [0x00000000c1400000, 0x00000000c3de0000, 0x00000000eb160000)
  object space 42880K, 69% used [0x00000000c1400000,0x00000000c3128b48,0x00000000c3de0000)
 PSPermGen       total 25280K, used 25096K [0x00000000bc200000, 0x00000000bdab0000, 0x00000000c1400000)
  object space 25280K, 99% used [0x00000000bc200000,0x00000000bda82060,0x00000000bdab0000)
}

