# JRE version: 7.0_21-b11
# Java VM: Java HotSpot(TM) 64-Bit Server VM (23.21-b01 mixed mode windows-amd64 compressed oops)
Heap
 PSYoungGen      total 27328K, used 5162K [0x00000000eb160000, 0x00000000ed9e0000, 0x0000000100000000)
  eden space 14080K, 31% used [0x00000000eb160000,0x00000000eb5baa70,0x00000000ebf20000)
  from space 13248K, 5% used [0x00000000eccf0000,0x00000000ecda0020,0x00000000ed9e0000)
  to   space 13696K, 0% used [0x00000000ebf20000,0x00000000ebf20000,0x00000000ecc80000)
 ParOldGen       total 42880K, used 26795K [0x00000000c1400000, 0x00000000c3de0000, 0x00000000eb160000)
  object space 42880K, 62% used [0x00000000c1400000,0x00000000c2e2ae00,0x00000000c3de0000)
 PSPermGen       total 25088K, used 24899K [0x00000000bc200000, 0x00000000bda80000, 0x00000000c1400000)
  object space 25088K, 99% used [0x00000000bc200000,0x00000000bda50c60,0x00000000bda80000)
GC Heap History (10 events):
Event: 67.063 GC heap before
{Heap before GC invocations=6 (full 0):
 PSYoungGen      total 18368K, used 18343K [0x00000000eb160000, 0x00000000edce0000, 0x0000000100000000)
  eden space 15744K, 100% used [0x00000000eb160000,0x00000000ec0c0000,0x00000000ec0c0000)
  from space 2624K, 99% used [0x00000000ec120000,0x00000000ec3a9f40,0x00000000ec3b0000)
  to   space 14400K, 0% used [0x00000000eced0000,0x00000000eced0000,0x00000000edce0000)
 ParOldGen       total 42880K, used 23233K [0x00000000c1400000, 0x00000000c3de0000, 0x00000000eb160000)
  object space 42880K, 54% used [0x00000000c1400000,0x00000000c2ab0680,0x00000000c3de0000)
 PSPermGen       total 22976K, used 22887K [0x00000000bc200000, 0x00000000bd870000, 0x00000000c1400000)
  object space 22976K, 99% used [0x00000000bc200000,0x00000000bd859f50,0x00000000bd870000)
Event: 67.068 GC heap after
Heap after GC invocations=6 (full 0):
 PSYoungGen      total 28992K, used 3472K [0x00000000eb160000, 0x00000000edc20000, 0x0000000100000000)
  eden space 15360K, 0% used [0x00000000eb160000,0x00000000eb160000,0x00000000ec060000)
  from space 13632K, 25% used [0x00000000eced0000,0x00000000ed234370,0x00000000edc20000)
  to   space 14208K, 0% used [0x00000000ec060000,0x00000000ec060000,0x00000000ece40000)
 ParOldGen       total 42880K, used 23233K [0x00000000c1400000, 0x00000000c3de0000, 0x00000000eb160000)
  object space 42880K, 54% used [0x00000000c1400000,0x00000000c2ab0680,0x00000000c3de0000)
 PSPermGen       total 22976K, used 22887K [0x00000000bc200000, 0x00000000bd870000, 0x00000000c1400000)
  object space 22976K, 99% used [0x00000000bc200000,0x00000000bd859f50,0x00000000bd870000)
}
Event: 72.782 GC heap before
{Heap before GC invocations=7 (full 0):
 PSYoungGen      total 28992K, used 18832K [0x00000000eb160000, 0x00000000edc20000, 0x0000000100000000)
  eden space 15360K, 100% used [0x00000000eb160000,0x00000000ec060000,0x00000000ec060000)
  from space 13632K, 25% used [0x00000000eced0000,0x00000000ed234370,0x00000000edc20000)
  to   space 14208K, 0% used [0x00000000ec060000,0x00000000ec060000,0x00000000ece40000)
 ParOldGen       total 42880K, used 23233K [0x00000000c1400000, 0x00000000c3de0000, 0x00000000eb160000)
  object space 42880K, 54% used [0x00000000c1400000,0x00000000c2ab0680,0x00000000c3de0000)
 PSPermGen       total 23360K, used 23296K [0x00000000bc200000, 0x00000000bd8d0000, 0x00000000c1400000)
  object space 23360K, 99% used [0x00000000bc200000,0x00000000bd8c00a8,0x00000000bd8d0000)
Event: 72.787 GC heap after
Heap after GC invocations=7 (full 0):
 PSYoungGen      total 17664K, used 2586K [0x00000000eb160000, 0x00000000edb70000, 0x0000000100000000)
  eden space 15040K, 0% used [0x00000000eb160000,0x00000000eb160000,0x00000000ec010000)
  from space 2624K, 98% used [0x00000000ec060000,0x00000000ec2e6a38,0x00000000ec2f0000)
  to   space 14016K, 0% used [0x00000000ecdc0000,0x00000000ecdc0000,0x00000000edb70000)
 ParOldGen       total 42880K, used 24891K [0x00000000c1400000, 0x00000000c3de0000, 0x00000000eb160000)
  object space 42880K, 58% used [0x00000000c1400000,0x00000000c2c4eff0,0x00000000c3de0000)
 PSPermGen       total 23360K, used 23296K [0x00000000bc200000, 0x00000000bd8d0000, 0x00000000c1400000)
  object space 23360K, 99% used [0x00000000bc200000,0x00000000bd8c00a8,0x00000000bd8d0000)
}
Event: 116.437 GC heap before
{Heap before GC invocations=8 (full 0):
 PSYoungGen      total 17664K, used 17626K [0x00000000eb160000, 0x00000000edb70000, 0x0000000100000000)
  eden space 15040K, 100% used [0x00000000eb160000,0x00000000ec010000,0x00000000ec010000)
  from space 2624K, 98% used [0x00000000ec060000,0x00000000ec2e6a38,0x00000000ec2f0000)
  to   space 14016K, 0% used [0x00000000ecdc0000,0x00000000ecdc0000,0x00000000edb70000)
 ParOldGen       total 42880K, used 24891K [0x00000000c1400000, 0x00000000c3de0000, 0x00000000eb160000)
  object space 42880K, 58% used [0x00000000c1400000,0x00000000c2c4eff0,0x00000000c3de0000)
 PSPermGen       total 24512K, used 24381K [0x00000000bc200000, 0x00000000bd9f0000, 0x00000000c1400000)
  object space 24512K, 99% used [0x00000000bc200000,0x00000000bd9cf628,0x00000000bd9f0000)
Event: 116.439 GC heap after
Heap after GC invocations=8 (full 0):
 PSYoungGen      total 28288K, used 1690K [0x00000000eb160000, 0x00000000edb00000, 0x0000000100000000)
  eden space 14720K, 0% used [0x00000000eb160000,0x00000000eb160000,0x00000000ebfc0000)
  from space 13568K, 12% used [0x00000000ecdc0000,0x00000000ecf66a68,0x00000000edb00000)
  to   space 13952K, 0% used [0x00000000ebfc0000,0x00000000ebfc0000,0x00000000ecd60000)
 ParOldGen       total 42880K, used 25563K [0x00000000c1400000, 0x00000000c3de0000, 0x00000000eb160000)
  object space 42880K, 59% used [0x00000000c1400000,0x00000000c2cf6e60,0x00000000c3de0000)
 PSPermGen       total 24512K, used 24381K [0x00000000bc200000, 0x00000000bd9f0000, 0x00000000c1400000)
  object space 24512K, 99% used [0x00000000bc200000,0x00000000bd9cf628,0x00000000bd9f0000)
}
Event: 138.906 GC heap before
{Heap before GC invocations=9 (full 0):
 PSYoungGen      total 28288K, used 16410K [0x00000000eb160000, 0x00000000edb00000, 0x0000000100000000)
  eden space 14720K, 100% used [0x00000000eb160000,0x00000000ebfc0000,0x00000000ebfc0000)
  from space 13568K, 12% used [0x00000000ecdc0000,0x00000000ecf66a68,0x00000000edb00000)
  to   space 13952K, 0% used [0x00000000ebfc0000,0x00000000ebfc0000,0x00000000ecd60000)
 ParOldGen       total 42880K, used 25563K [0x00000000c1400000, 0x00000000c3de0000, 0x00000000eb160000)
  object space 42880K, 59% used [0x00000000c1400000,0x00000000c2cf6e60,0x00000000c3de0000)
 PSPermGen       total 24512K, used 24427K [0x00000000bc200000, 0x00000000bd9f0000, 0x00000000c1400000)
  object space 24512K, 99% used [0x00000000bc200000,0x00000000bd9daf78,0x00000000bd9f0000)
Event: 138.908 GC heap after
Heap after GC invocations=9 (full 0):
 PSYoungGen      total 15616K, used 1184K [0x00000000eb160000, 0x00000000eda70000, 0x0000000100000000)
  eden space 14400K, 0% used [0x00000000eb160000,0x00000000eb160000,0x00000000ebf70000)
  from space 1216K, 97% used [0x00000000ebfc0000,0x00000000ec0e8080,0x00000000ec0f0000)
  to   space 13824K, 0% used [0x00000000eccf0000,0x00000000eccf0000,0x00000000eda70000)
 ParOldGen       total 42880K, used 26171K [0x00000000c1400000, 0x00000000c3de0000, 0x00000000eb160000)
  object space 42880K, 61% used [0x00000000c1400000,0x00000000c2d8eda0,0x00000000c3de0000)
 PSPermGen       total 24512K, used 24427K [0x00000000bc200000, 0x00000000bd9f0000, 0x00000000c1400000)
  object space 24512K, 99% used [0x00000000bc200000,0x00000000bd9daf78,0x00000000bd9f0000)
}
Event: 172.850 GC heap before
{Heap before GC invocations=10 (full 0):
 PSYoungGen      total 15616K, used 15584K [0x00000000eb160000, 0x00000000eda70000, 0x0000000100000000)
  eden space 14400K, 100% used [0x00000000eb160000,0x00000000ebf70000,0x00000000ebf70000)
  from space 1216K, 97% used [0x00000000ebfc0000,0x00000000ec0e8080,0x00000000ec0f0000)
  to   space 13824K, 0% used [0x00000000eccf0000,0x00000000eccf0000,0x00000000eda70000)
 ParOldGen       total 42880K, used 26171K [0x00000000c1400000, 0x00000000c3de0000, 0x00000000eb160000)
  object space 42880K, 61% used [0x00000000c1400000,0x00000000c2d8eda0,0x00000000c3de0000)
 PSPermGen       total 24896K, used 24879K [0x00000000bc200000, 0x00000000bda50000, 0x00000000c1400000)
  object space 24896K, 99% used [0x00000000bc200000,0x00000000bda4bf70,0x00000000bda50000)
Event: 172.852 GC heap after
Heap after GC invocations=10 (full 0):
 PSYoungGen      total 27328K, used 704K [0x00000000eb160000, 0x00000000ed9e0000, 0x0000000100000000)
  eden space 14080K, 0% used [0x00000000eb160000,0x00000000eb160000,0x00000000ebf20000)
  from space 13248K, 5% used [0x00000000eccf0000,0x00000000ecda0020,0x00000000ed9e0000)
  to   space 13696K, 0% used [0x00000000ebf20000,0x00000000ebf20000,0x00000000ecc80000)
 ParOldGen       total 42880K, used 26795K [0x00000000c1400000, 0x00000000c3de0000, 0x00000000eb160000)
  object space 42880K, 62% used [0x00000000c1400000,0x00000000c2e2ae00,0x00000000c3de0000)
 PSPermGen       total 24896K, used 24879K [0x00000000bc200000, 0x00000000bda50000, 0x00000000c1400000)
  object space 24896K, 99% used [0x00000000bc200000,0x00000000bda4bf70,0x00000000bda50000)
}

