# JRE version: 7.0_21-b11
# Java VM: Java HotSpot(TM) 64-Bit Server VM (23.21-b01 mixed mode windows-amd64 compressed oops)
Heap
 PSYoungGen      total 12224K, used 10720K [0x00000000eb160000, 0x00000000ed080000, 0x0000000100000000)
  eden space 11776K, 87% used [0x00000000eb160000,0x00000000ebb74230,0x00000000ebce0000)
  from space 448K, 89% used [0x00000000ebd10000,0x00000000ebd74020,0x00000000ebd80000)
  to   space 10048K, 0% used [0x00000000ec6b0000,0x00000000ec6b0000,0x00000000ed080000)
 ParOldGen       total 42880K, used 28927K [0x00000000c1400000, 0x00000000c3de0000, 0x00000000eb160000)
  object space 42880K, 67% used [0x00000000c1400000,0x00000000c303ffb8,0x00000000c3de0000)
 PSPermGen       total 25280K, used 25137K [0x00000000bc200000, 0x00000000bdab0000, 0x00000000c1400000)
  object space 25280K, 99% used [0x00000000bc200000,0x00000000bda8c480,0x00000000bdab0000)
GC Heap History (10 events):
Event: 100.954 GC heap before
{Heap before GC invocations=15 (full 0):
 PSYoungGen      total 24768K, used 13584K [0x00000000eb160000, 0x00000000ed650000, 0x0000000100000000)
  eden space 12992K, 100% used [0x00000000eb160000,0x00000000ebe10000,0x00000000ebe10000)
  from space 11776K, 5% used [0x00000000ecad0000,0x00000000ecb64020,0x00000000ed650000)
  to   space 12416K, 0% used [0x00000000ebe10000,0x00000000ebe10000,0x00000000eca30000)
 ParOldGen       total 42880K, used 28335K [0x00000000c1400000, 0x00000000c3de0000, 0x00000000eb160000)
  object space 42880K, 66% used [0x00000000c1400000,0x00000000c2fabf48,0x00000000c3de0000)
 PSPermGen       total 25280K, used 25092K [0x00000000bc200000, 0x00000000bdab0000, 0x00000000c1400000)
  object space 25280K, 99% used [0x00000000bc200000,0x00000000bda810a0,0x00000000bdab0000)
Event: 100.955 GC heap after
Heap after GC invocations=15 (full 0):
 PSYoungGen      total 13056K, used 288K [0x00000000eb160000, 0x00000000ed550000, 0x0000000100000000)
  eden space 12736K, 0% used [0x00000000eb160000,0x00000000eb160000,0x00000000ebdd0000)
  from space 320K, 90% used [0x00000000ebe10000,0x00000000ebe58000,0x00000000ebe60000)
  to   space 12032K, 0% used [0x00000000ec990000,0x00000000ec990000,0x00000000ed550000)
 ParOldGen       total 42880K, used 28495K [0x00000000c1400000, 0x00000000c3de0000, 0x00000000eb160000)
  object space 42880K, 66% used [0x00000000c1400000,0x00000000c2fd3f88,0x00000000c3de0000)
 PSPermGen       total 25280K, used 25092K [0x00000000bc200000, 0x00000000bdab0000, 0x00000000c1400000)
  object space 25280K, 99% used [0x00000000bc200000,0x00000000bda810a0,0x00000000bdab0000)
}
Event: 113.882 GC heap before
{Heap before GC invocations=16 (full 0):
 PSYoungGen      total 13056K, used 13024K [0x00000000eb160000, 0x00000000ed550000, 0x0000000100000000)
  eden space 12736K, 100% used [0x00000000eb160000,0x00000000ebdd0000,0x00000000ebdd0000)
  from space 320K, 90% used [0x00000000ebe10000,0x00000000ebe58000,0x00000000ebe60000)
  to   space 12032K, 0% used [0x00000000ec990000,0x00000000ec990000,0x00000000ed550000)
 ParOldGen       total 42880K, used 28495K [0x00000000c1400000, 0x00000000c3de0000, 0x00000000eb160000)
  object space 42880K, 66% used [0x00000000c1400000,0x00000000c2fd3f88,0x00000000c3de0000)
 PSPermGen       total 25280K, used 25092K [0x00000000bc200000, 0x00000000bdab0000, 0x00000000c1400000)
  object space 25280K, 99% used [0x00000000bc200000,0x00000000bda812e8,0x00000000bdab0000)
Event: 113.884 GC heap after
Heap after GC invocations=16 (full 0):
 PSYoungGen      total 23232K, used 432K [0x00000000eb160000, 0x00000000ed410000, 0x0000000100000000)
  eden space 12480K, 0% used [0x00000000eb160000,0x00000000eb160000,0x00000000ebd90000)
  from space 10752K, 4% used [0x00000000ec990000,0x00000000ec9fc030,0x00000000ed410000)
  to   space 11520K, 0% used [0x00000000ebd90000,0x00000000ebd90000,0x00000000ec8d0000)
 ParOldGen       total 42880K, used 28543K [0x00000000c1400000, 0x00000000c3de0000, 0x00000000eb160000)
  object space 42880K, 66% used [0x00000000c1400000,0x00000000c2fdff88,0x00000000c3de0000)
 PSPermGen       total 25280K, used 25092K [0x00000000bc200000, 0x00000000bdab0000, 0x00000000c1400000)
  object space 25280K, 99% used [0x00000000bc200000,0x00000000bda812e8,0x00000000bdab0000)
}
Event: 121.268 GC heap before
{Heap before GC invocations=17 (full 0):
 PSYoungGen      total 23232K, used 12912K [0x00000000eb160000, 0x00000000ed410000, 0x0000000100000000)
  eden space 12480K, 100% used [0x00000000eb160000,0x00000000ebd90000,0x00000000ebd90000)
  from space 10752K, 4% used [0x00000000ec990000,0x00000000ec9fc030,0x00000000ed410000)
  to   space 11520K, 0% used [0x00000000ebd90000,0x00000000ebd90000,0x00000000ec8d0000)
 ParOldGen       total 42880K, used 28543K [0x00000000c1400000, 0x00000000c3de0000, 0x00000000eb160000)
  object space 42880K, 66% used [0x00000000c1400000,0x00000000c2fdff88,0x00000000c3de0000)
 PSPermGen       total 25280K, used 25097K [0x00000000bc200000, 0x00000000bdab0000, 0x00000000c1400000)
  object space 25280K, 99% used [0x00000000bc200000,0x00000000bda82478,0x00000000bdab0000)
Event: 121.269 GC heap after
Heap after GC invocations=17 (full 0):
 PSYoungGen      total 12608K, used 336K [0x00000000eb160000, 0x00000000ed2f0000, 0x0000000100000000)
  eden space 12224K, 0% used [0x00000000eb160000,0x00000000eb160000,0x00000000ebd50000)
  from space 384K, 87% used [0x00000000ebd90000,0x00000000ebde4010,0x00000000ebdf0000)
  to   space 11072K, 0% used [0x00000000ec820000,0x00000000ec820000,0x00000000ed2f0000)
 ParOldGen       total 42880K, used 28743K [0x00000000c1400000, 0x00000000c3de0000, 0x00000000eb160000)
  object space 42880K, 67% used [0x00000000c1400000,0x00000000c3011fa8,0x00000000c3de0000)
 PSPermGen       total 25280K, used 25097K [0x00000000bc200000, 0x00000000bdab0000, 0x00000000c1400000)
  object space 25280K, 99% used [0x00000000bc200000,0x00000000bda82478,0x00000000bdab0000)
}
Event: 131.395 GC heap before
{Heap before GC invocations=18 (full 0):
 PSYoungGen      total 12608K, used 12560K [0x00000000eb160000, 0x00000000ed2f0000, 0x0000000100000000)
  eden space 12224K, 100% used [0x00000000eb160000,0x00000000ebd50000,0x00000000ebd50000)
  from space 384K, 87% used [0x00000000ebd90000,0x00000000ebde4010,0x00000000ebdf0000)
  to   space 11072K, 0% used [0x00000000ec820000,0x00000000ec820000,0x00000000ed2f0000)
 ParOldGen       total 42880K, used 28743K [0x00000000c1400000, 0x00000000c3de0000, 0x00000000eb160000)
  object space 42880K, 67% used [0x00000000c1400000,0x00000000c3011fa8,0x00000000c3de0000)
 PSPermGen       total 25280K, used 25098K [0x00000000bc200000, 0x00000000bdab0000, 0x00000000c1400000)
  object space 25280K, 99% used [0x00000000bc200000,0x00000000bda829d0,0x00000000bdab0000)
Event: 131.397 GC heap after
Heap after GC invocations=18 (full 0):
 PSYoungGen      total 21760K, used 368K [0x00000000eb160000, 0x00000000ed1b0000, 0x0000000100000000)
  eden space 11968K, 0% used [0x00000000eb160000,0x00000000eb160000,0x00000000ebd10000)
  from space 9792K, 3% used [0x00000000ec820000,0x00000000ec87c020,0x00000000ed1b0000)
  to   space 10560K, 0% used [0x00000000ebd10000,0x00000000ebd10000,0x00000000ec760000)
 ParOldGen       total 42880K, used 28799K [0x00000000c1400000, 0x00000000c3de0000, 0x00000000eb160000)
  object space 42880K, 67% used [0x00000000c1400000,0x00000000c301ffa8,0x00000000c3de0000)
 PSPermGen       total 25280K, used 25098K [0x00000000bc200000, 0x00000000bdab0000, 0x00000000c1400000)
  object space 25280K, 99% used [0x00000000bc200000,0x00000000bda829d0,0x00000000bdab0000)
}
Event: 139.655 GC heap before
{Heap before GC invocations=19 (full 0):
 PSYoungGen      total 21760K, used 12336K [0x00000000eb160000, 0x00000000ed1b0000, 0x0000000100000000)
  eden space 11968K, 100% used [0x00000000eb160000,0x00000000ebd10000,0x00000000ebd10000)
  from space 9792K, 3% used [0x00000000ec820000,0x00000000ec87c020,0x00000000ed1b0000)
  to   space 10560K, 0% used [0x00000000ebd10000,0x00000000ebd10000,0x00000000ec760000)
 ParOldGen       total 42880K, used 28799K [0x00000000c1400000, 0x00000000c3de0000, 0x00000000eb160000)
  object space 42880K, 67% used [0x00000000c1400000,0x00000000c301ffa8,0x00000000c3de0000)
 PSPermGen       total 25280K, used 25117K [0x00000000bc200000, 0x00000000bdab0000, 0x00000000c1400000)
  object space 25280K, 99% used [0x00000000bc200000,0x00000000bda87588,0x00000000bdab0000)
Event: 139.657 GC heap after
Heap after GC invocations=19 (full 0):
 PSYoungGen      total 12224K, used 400K [0x00000000eb160000, 0x00000000ed080000, 0x0000000100000000)
  eden space 11776K, 0% used [0x00000000eb160000,0x00000000eb160000,0x00000000ebce0000)
  from space 448K, 89% used [0x00000000ebd10000,0x00000000ebd74020,0x00000000ebd80000)
  to   space 10048K, 0% used [0x00000000ec6b0000,0x00000000ec6b0000,0x00000000ed080000)
 ParOldGen       total 42880K, used 28927K [0x00000000c1400000, 0x00000000c3de0000, 0x00000000eb160000)
  object space 42880K, 67% used [0x00000000c1400000,0x00000000c303ffb8,0x00000000c3de0000)
 PSPermGen       total 25280K, used 25117K [0x00000000bc200000, 0x00000000bdab0000, 0x00000000c1400000)
  object space 25280K, 99% used [0x00000000bc200000,0x00000000bda87588,0x00000000bdab0000)
}

